{"/home/krr/workspace/Keytap-Analyzer/src/components/CollapsibleSection.module.css": {"path":"/home/krr/workspace/Keytap-Analyzer/src/components/CollapsibleSection.module.css","statementMap":{},"fnMap":{},"branchMap":{},"s":{},"f":{},"b":{},"meta":{"lastBranch":0,"lastFunction":0,"lastStatement":0,"seen":{}}}
,"/home/krr/workspace/Keytap-Analyzer/src/components/CollapsibleSection.tsx": {"path":"/home/krr/workspace/Keytap-Analyzer/src/components/CollapsibleSection.tsx","statementMap":{"0":{"start":{"line":11,"column":34},"end":{"line":11,"column":null}},"1":{"start":{"line":13,"column":2},"end":{"line":24,"column":null}},"2":{"start":{"line":17,"column":23},"end":{"line":17,"column":null}}},"fnMap":{"0":{"name":"CollapsibleSection","decl":{"start":{"line":10,"column":16},"end":{"line":10,"column":35}},"loc":{"start":{"line":10,"column":105},"end":{"line":26,"column":null}},"line":10},"1":{"name":"(anonymous_1)","decl":{"start":{"line":17,"column":17},"end":{"line":17,"column":23}},"loc":{"start":{"line":17,"column":23},"end":{"line":17,"column":null}},"line":17}},"branchMap":{"0":{"loc":{"start":{"line":10,"column":44},"end":{"line":10,"column":68}},"type":"default-arg","locations":[{"start":{"line":10,"column":62},"end":{"line":10,"column":68}}],"line":10},"1":{"loc":{"start":{"line":20,"column":39},"end":{"line":20,"column":62}},"type":"cond-expr","locations":[{"start":{"line":20,"column":52},"end":{"line":20,"column":58}},{"start":{"line":20,"column":58},"end":{"line":20,"column":62}}],"line":20},"2":{"loc":{"start":{"line":23,"column":7},"end":{"line":23,"column":null}},"type":"binary-expr","locations":[{"start":{"line":23,"column":7},"end":{"line":23,"column":21}},{"start":{"line":23,"column":21},"end":{"line":23,"column":null}}],"line":23}},"s":{"0":15,"1":15,"2":5},"f":{"0":15,"1":5},"b":{"0":[15],"1":[10,5],"2":[15,10]},"meta":{"lastBranch":3,"lastFunction":2,"lastStatement":3,"seen":{"f:10:16:10:35":0,"b:10:62:10:68":0,"s:11:34:11:Infinity":0,"s:13:2:24:Infinity":1,"f:17:17:17:23":1,"s:17:23:17:Infinity":2,"b:20:52:20:58:20:58:20:62":1,"b:23:7:23:21:23:21:23:Infinity":2}}}
,"/home/krr/workspace/Keytap-Analyzer/src/components/RecordButton.module.css": {"path":"/home/krr/workspace/Keytap-Analyzer/src/components/RecordButton.module.css","statementMap":{},"fnMap":{},"branchMap":{},"s":{},"f":{},"b":{},"meta":{"lastBranch":0,"lastFunction":0,"lastStatement":0,"seen":{}}}
,"/home/krr/workspace/Keytap-Analyzer/src/components/RecordButton.tsx": {"path":"/home/krr/workspace/Keytap-Analyzer/src/components/RecordButton.tsx","statementMap":{"0":{"start":{"line":11,"column":2},"end":{"line":18,"column":null}}},"fnMap":{"0":{"name":"RecordButton","decl":{"start":{"line":10,"column":16},"end":{"line":10,"column":29}},"loc":{"start":{"line":10,"column":103},"end":{"line":20,"column":null}},"line":10}},"branchMap":{"0":{"loc":{"start":{"line":13,"column":40},"end":{"line":13,"column":75}},"type":"cond-expr","locations":[{"start":{"line":13,"column":54},"end":{"line":13,"column":73}},{"start":{"line":13,"column":73},"end":{"line":13,"column":75}}],"line":13},"1":{"loc":{"start":{"line":17,"column":7},"end":{"line":17,"column":null}},"type":"cond-expr","locations":[{"start":{"line":17,"column":21},"end":{"line":17,"column":32}},{"start":{"line":17,"column":32},"end":{"line":17,"column":null}}],"line":17}},"s":{"0":11},"f":{"0":11},"b":{"0":[2,9],"1":[2,9]},"meta":{"lastBranch":2,"lastFunction":1,"lastStatement":1,"seen":{"f:10:16:10:29":0,"s:11:2:18:Infinity":0,"b:13:54:13:73:13:73:13:75":0,"b:17:21:17:32:17:32:17:Infinity":1}}}
,"/home/krr/workspace/Keytap-Analyzer/src/components/StatusMessage.module.css": {"path":"/home/krr/workspace/Keytap-Analyzer/src/components/StatusMessage.module.css","statementMap":{},"fnMap":{},"branchMap":{},"s":{},"f":{},"b":{},"meta":{"lastBranch":0,"lastFunction":0,"lastStatement":0,"seen":{}}}
,"/home/krr/workspace/Keytap-Analyzer/src/components/StatusMessage.tsx": {"path":"/home/krr/workspace/Keytap-Analyzer/src/components/StatusMessage.tsx","statementMap":{"0":{"start":{"line":10,"column":2},"end":{"line":12,"column":null}},"1":{"start":{"line":11,"column":4},"end":{"line":11,"column":null}},"2":{"start":{"line":14,"column":29},"end":{"line":25,"column":null}},"3":{"start":{"line":15,"column":4},"end":{"line":24,"column":null}},"4":{"start":{"line":17,"column":8},"end":{"line":17,"column":null}},"5":{"start":{"line":19,"column":8},"end":{"line":19,"column":null}},"6":{"start":{"line":21,"column":8},"end":{"line":21,"column":null}},"7":{"start":{"line":23,"column":8},"end":{"line":23,"column":null}},"8":{"start":{"line":27,"column":2},"end":{"line":30,"column":null}}},"fnMap":{"0":{"name":"StatusMessage","decl":{"start":{"line":9,"column":16},"end":{"line":9,"column":30}},"loc":{"start":{"line":9,"column":71},"end":{"line":32,"column":null}},"line":9},"1":{"name":"(anonymous_1)","decl":{"start":{"line":14,"column":29},"end":{"line":14,"column":35}},"loc":{"start":{"line":14,"column":35},"end":{"line":25,"column":null}},"line":14}},"branchMap":{"0":{"loc":{"start":{"line":10,"column":2},"end":{"line":12,"column":null}},"type":"if","locations":[{"start":{"line":10,"column":2},"end":{"line":12,"column":null}},{"start":{},"end":{}}],"line":10},"1":{"loc":{"start":{"line":15,"column":4},"end":{"line":24,"column":null}},"type":"switch","locations":[{"start":{"line":16,"column":6},"end":{"line":17,"column":null}},{"start":{"line":18,"column":6},"end":{"line":19,"column":null}},{"start":{"line":20,"column":6},"end":{"line":21,"column":null}},{"start":{"line":22,"column":6},"end":{"line":23,"column":null}}],"line":15}},"s":{"0":17,"1":1,"2":16,"3":16,"4":3,"5":3,"6":5,"7":5,"8":16},"f":{"0":17,"1":16},"b":{"0":[1,16],"1":[3,3,5,5]},"meta":{"lastBranch":2,"lastFunction":2,"lastStatement":9,"seen":{"f:9:16:9:30":0,"b:10:2:12:Infinity:undefined:undefined:undefined:undefined":0,"s:10:2:12:Infinity":0,"s:11:4:11:Infinity":1,"s:14:29:25:Infinity":2,"f:14:29:14:35":1,"b:16:6:17:Infinity:18:6:19:Infinity:20:6:21:Infinity:22:6:23:Infinity":1,"s:15:4:24:Infinity":3,"s:17:8:17:Infinity":4,"s:19:8:19:Infinity":5,"s:21:8:21:Infinity":6,"s:23:8:23:Infinity":7,"s:27:2:30:Infinity":8}}}
,"/home/krr/workspace/Keytap-Analyzer/src/contexts/AudioContextProvider.tsx": {"path":"/home/krr/workspace/Keytap-Analyzer/src/contexts/AudioContextProvider.tsx","statementMap":{"0":{"start":{"line":4,"column":28},"end":{"line":4,"column":null}},"1":{"start":{"line":11,"column":6},"end":{"line":14,"column":null}},"2":{"start":{"line":17,"column":2},"end":{"line":17,"column":null}},"3":{"start":{"line":21,"column":24},"end":{"line":24,"column":null}},"4":{"start":{"line":26,"column":2},"end":{"line":48,"column":null}},"5":{"start":{"line":28,"column":30},"end":{"line":28,"column":null}},"6":{"start":{"line":29,"column":4},"end":{"line":47,"column":null}},"7":{"start":{"line":30,"column":26},"end":{"line":30,"column":null}},"8":{"start":{"line":31,"column":32},"end":{"line":31,"column":null}},"9":{"start":{"line":32,"column":6},"end":{"line":32,"column":null}},"10":{"start":{"line":34,"column":6},"end":{"line":37,"column":null}},"11":{"start":{"line":40,"column":6},"end":{"line":40,"column":null}},"12":{"start":{"line":42,"column":6},"end":{"line":42,"column":null}},"13":{"start":{"line":43,"column":6},"end":{"line":46,"column":null}},"14":{"start":{"line":50,"column":2},"end":{"line":53,"column":null}}},"fnMap":{"0":{"name":"useAudioContextState","decl":{"start":{"line":16,"column":16},"end":{"line":16,"column":39}},"loc":{"start":{"line":16,"column":39},"end":{"line":18,"column":null}},"line":16},"1":{"name":"AudioContextProvider","decl":{"start":{"line":20,"column":16},"end":{"line":20,"column":37}},"loc":{"start":{"line":20,"column":76},"end":{"line":55,"column":null}},"line":20},"2":{"name":"(anonymous_2)","decl":{"start":{"line":26,"column":12},"end":{"line":26,"column":18}},"loc":{"start":{"line":26,"column":18},"end":{"line":48,"column":5}},"line":26}},"branchMap":{"0":{"loc":{"start":{"line":28,"column":30},"end":{"line":28,"column":null}},"type":"binary-expr","locations":[{"start":{"line":28,"column":30},"end":{"line":28,"column":54}},{"start":{"line":28,"column":54},"end":{"line":28,"column":null}}],"line":28},"1":{"loc":{"start":{"line":29,"column":4},"end":{"line":47,"column":null}},"type":"if","locations":[{"start":{"line":29,"column":4},"end":{"line":47,"column":null}},{"start":{"line":41,"column":11},"end":{"line":47,"column":null}}],"line":29}},"s":{"0":3,"1":3,"2":0,"3":0,"4":0,"5":0,"6":0,"7":0,"8":0,"9":0,"10":0,"11":0,"12":0,"13":0,"14":0},"f":{"0":0,"1":0,"2":0},"b":{"0":[0,0],"1":[0,0]},"meta":{"lastBranch":2,"lastFunction":3,"lastStatement":15,"seen":{"s:4:28:4:Infinity":0,"s:11:6:14:Infinity":1,"f:16:16:16:39":0,"s:17:2:17:Infinity":2,"f:20:16:20:37":1,"s:21:24:24:Infinity":3,"s:26:2:48:Infinity":4,"f:26:12:26:18":2,"s:28:30:28:Infinity":5,"b:28:30:28:54:28:54:28:Infinity":0,"b:29:4:47:Infinity:41:11:47:Infinity":1,"s:29:4:47:Infinity":6,"s:30:26:30:Infinity":7,"s:31:32:31:Infinity":8,"s:32:6:32:Infinity":9,"s:34:6:37:Infinity":10,"s:40:6:40:Infinity":11,"s:42:6:42:Infinity":12,"s:43:6:46:Infinity":13,"s:50:2:53:Infinity":14}}}
,"/home/krr/workspace/Keytap-Analyzer/src/hooks/useAudioFeatures.ts": {"path":"/home/krr/workspace/Keytap-Analyzer/src/hooks/useAudioFeatures.ts","statementMap":{"0":{"start":{"line":7,"column":21},"end":{"line":21,"column":null}},"1":{"start":{"line":55,"column":77},"end":{"line":147,"column":null}},"2":{"start":{"line":152,"column":16},"end":{"line":152,"column":null}},"3":{"start":{"line":153,"column":2},"end":{"line":153,"column":null}},"4":{"start":{"line":157,"column":2},"end":{"line":269,"column":null}},"5":{"start":{"line":158,"column":40},"end":{"line":174,"column":null}},"6":{"start":{"line":176,"column":4},"end":{"line":178,"column":null}},"7":{"start":{"line":177,"column":6},"end":{"line":177,"column":null}},"8":{"start":{"line":180,"column":4},"end":{"line":268,"column":null}},"9":{"start":{"line":182,"column":25},"end":{"line":182,"column":null}},"10":{"start":{"line":186,"column":6},"end":{"line":193,"column":null}},"11":{"start":{"line":188,"column":8},"end":{"line":188,"column":null}},"12":{"start":{"line":191,"column":8},"end":{"line":191,"column":null}},"13":{"start":{"line":192,"column":8},"end":{"line":192,"column":null}},"14":{"start":{"line":196,"column":12},"end":{"line":196,"column":null}},"15":{"start":{"line":197,"column":12},"end":{"line":197,"column":null}},"16":{"start":{"line":198,"column":6},"end":{"line":203,"column":null}},"17":{"start":{"line":206,"column":6},"end":{"line":206,"column":null}},"18":{"start":{"line":207,"column":6},"end":{"line":207,"column":null}},"19":{"start":{"line":208,"column":6},"end":{"line":208,"column":null}},"20":{"start":{"line":211,"column":23},"end":{"line":214,"column":null}},"21":{"start":{"line":216,"column":6},"end":{"line":218,"column":null}},"22":{"start":{"line":217,"column":8},"end":{"line":217,"column":null}},"23":{"start":{"line":221,"column":22},"end":{"line":221,"column":null}},"24":{"start":{"line":224,"column":33},"end":{"line":226,"column":null}},"25":{"start":{"line":229,"column":31},"end":{"line":231,"column":null}},"26":{"start":{"line":234,"column":32},"end":{"line":236,"column":null}},"27":{"start":{"line":238,"column":6},"end":{"line":246,"column":null}},"28":{"start":{"line":248,"column":6},"end":{"line":264,"column":null}},"29":{"start":{"line":266,"column":6},"end":{"line":266,"column":null}},"30":{"start":{"line":267,"column":6},"end":{"line":267,"column":null}},"31":{"start":{"line":274,"column":2},"end":{"line":274,"column":null}},"32":{"start":{"line":274,"column":22},"end":{"line":274,"column":null}},"33":{"start":{"line":275,"column":2},"end":{"line":275,"column":null}},"34":{"start":{"line":275,"column":24},"end":{"line":275,"column":null}},"35":{"start":{"line":276,"column":2},"end":{"line":276,"column":null}}},"fnMap":{"0":{"name":"nearestPowerOfTwo","decl":{"start":{"line":150,"column":9},"end":{"line":150,"column":27}},"loc":{"start":{"line":150,"column":46},"end":{"line":154,"column":null}},"line":150},"1":{"name":"useAudioFeatures","decl":{"start":{"line":156,"column":16},"end":{"line":156,"column":33}},"loc":{"start":{"line":156,"column":117},"end":{"line":270,"column":null}},"line":156},"2":{"name":"(anonymous_2)","decl":{"start":{"line":157,"column":17},"end":{"line":157,"column":23}},"loc":{"start":{"line":157,"column":23},"end":{"line":269,"column":5}},"line":157},"3":{"name":"formatFeatureValue","decl":{"start":{"line":273,"column":16},"end":{"line":273,"column":35}},"loc":{"start":{"line":273,"column":79},"end":{"line":277,"column":null}},"line":273}},"branchMap":{"0":{"loc":{"start":{"line":156,"column":68},"end":{"line":156,"column":117}},"type":"default-arg","locations":[{"start":{"line":156,"column":81},"end":{"line":156,"column":117}}],"line":156},"1":{"loc":{"start":{"line":176,"column":4},"end":{"line":178,"column":null}},"type":"if","locations":[{"start":{"line":176,"column":4},"end":{"line":178,"column":null}},{"start":{},"end":{}}],"line":176},"2":{"loc":{"start":{"line":176,"column":8},"end":{"line":176,"column":52}},"type":"binary-expr","locations":[{"start":{"line":176,"column":8},"end":{"line":176,"column":25}},{"start":{"line":176,"column":25},"end":{"line":176,"column":52}}],"line":176},"3":{"loc":{"start":{"line":186,"column":6},"end":{"line":193,"column":null}},"type":"if","locations":[{"start":{"line":186,"column":6},"end":{"line":193,"column":null}},{"start":{"line":189,"column":13},"end":{"line":193,"column":null}}],"line":186},"4":{"loc":{"start":{"line":216,"column":6},"end":{"line":218,"column":null}},"type":"if","locations":[{"start":{"line":216,"column":6},"end":{"line":218,"column":null}},{"start":{},"end":{}}],"line":216},"5":{"loc":{"start":{"line":224,"column":33},"end":{"line":226,"column":null}},"type":"cond-expr","locations":[{"start":{"line":225,"column":10},"end":{"line":225,"column":null}},{"start":{"line":226,"column":10},"end":{"line":226,"column":null}}],"line":224},"6":{"loc":{"start":{"line":229,"column":31},"end":{"line":231,"column":null}},"type":"cond-expr","locations":[{"start":{"line":230,"column":10},"end":{"line":230,"column":null}},{"start":{"line":231,"column":10},"end":{"line":231,"column":null}}],"line":229},"7":{"loc":{"start":{"line":234,"column":32},"end":{"line":236,"column":null}},"type":"cond-expr","locations":[{"start":{"line":235,"column":10},"end":{"line":235,"column":null}},{"start":{"line":236,"column":10},"end":{"line":236,"column":null}}],"line":234},"8":{"loc":{"start":{"line":249,"column":13},"end":{"line":249,"column":null}},"type":"cond-expr","locations":[{"start":{"line":249,"column":48},"end":{"line":249,"column":63}},{"start":{"line":249,"column":63},"end":{"line":249,"column":null}}],"line":249},"9":{"loc":{"start":{"line":250,"column":13},"end":{"line":250,"column":null}},"type":"cond-expr","locations":[{"start":{"line":250,"column":48},"end":{"line":250,"column":63}},{"start":{"line":250,"column":63},"end":{"line":250,"column":null}}],"line":250},"10":{"loc":{"start":{"line":251,"column":16},"end":{"line":251,"column":null}},"type":"cond-expr","locations":[{"start":{"line":251,"column":54},"end":{"line":251,"column":72}},{"start":{"line":251,"column":72},"end":{"line":251,"column":null}}],"line":251},"11":{"loc":{"start":{"line":253,"column":26},"end":{"line":253,"column":null}},"type":"cond-expr","locations":[{"start":{"line":253,"column":74},"end":{"line":253,"column":102}},{"start":{"line":253,"column":102},"end":{"line":253,"column":null}}],"line":253},"12":{"loc":{"start":{"line":254,"column":23},"end":{"line":254,"column":null}},"type":"cond-expr","locations":[{"start":{"line":254,"column":68},"end":{"line":254,"column":93}},{"start":{"line":254,"column":93},"end":{"line":254,"column":null}}],"line":254},"13":{"loc":{"start":{"line":257,"column":26},"end":{"line":257,"column":null}},"type":"cond-expr","locations":[{"start":{"line":257,"column":74},"end":{"line":257,"column":102}},{"start":{"line":257,"column":102},"end":{"line":257,"column":null}}],"line":257},"14":{"loc":{"start":{"line":258,"column":26},"end":{"line":258,"column":null}},"type":"cond-expr","locations":[{"start":{"line":258,"column":74},"end":{"line":258,"column":102}},{"start":{"line":258,"column":102},"end":{"line":258,"column":null}}],"line":258},"15":{"loc":{"start":{"line":259,"column":23},"end":{"line":259,"column":null}},"type":"cond-expr","locations":[{"start":{"line":259,"column":68},"end":{"line":259,"column":93}},{"start":{"line":259,"column":93},"end":{"line":259,"column":null}}],"line":259},"16":{"loc":{"start":{"line":260,"column":26},"end":{"line":260,"column":null}},"type":"cond-expr","locations":[{"start":{"line":260,"column":74},"end":{"line":260,"column":102}},{"start":{"line":260,"column":102},"end":{"line":260,"column":null}}],"line":260},"17":{"loc":{"start":{"line":261,"column":29},"end":{"line":261,"column":null}},"type":"cond-expr","locations":[{"start":{"line":261,"column":80},"end":{"line":261,"column":111}},{"start":{"line":261,"column":111},"end":{"line":261,"column":null}}],"line":261},"18":{"loc":{"start":{"line":273,"column":57},"end":{"line":273,"column":79}},"type":"default-arg","locations":[{"start":{"line":273,"column":68},"end":{"line":273,"column":79}}],"line":273},"19":{"loc":{"start":{"line":274,"column":2},"end":{"line":274,"column":null}},"type":"if","locations":[{"start":{"line":274,"column":2},"end":{"line":274,"column":null}},{"start":{},"end":{}}],"line":274},"20":{"loc":{"start":{"line":275,"column":2},"end":{"line":275,"column":null}},"type":"if","locations":[{"start":{"line":275,"column":2},"end":{"line":275,"column":null}},{"start":{},"end":{}}],"line":275}},"s":{"0":1,"1":1,"2":15,"3":15,"4":17,"5":17,"6":17,"7":2,"8":15,"9":15,"10":15,"11":14,"12":1,"13":1,"14":15,"15":15,"16":15,"17":15,"18":15,"19":15,"20":15,"21":15,"22":0,"23":15,"24":15,"25":17,"26":17,"27":17,"28":17,"29":0,"30":0,"31":0,"32":0,"33":0,"34":0,"35":0},"f":{"0":15,"1":17,"2":17,"3":0},"b":{"0":[17],"1":[2,15],"2":[17,16],"3":[14,1],"4":[0,15],"5":[15,0],"6":[15,0],"7":[15,0],"8":[15,0],"9":[15,0],"10":[15,0],"11":[15,0],"12":[15,0],"13":[15,0],"14":[15,0],"15":[15,0],"16":[15,0],"17":[15,0],"18":[0],"19":[0,0],"20":[0,0]},"meta":{"lastBranch":21,"lastFunction":4,"lastStatement":36,"seen":{"s:7:21:21:Infinity":0,"s:55:77:147:Infinity":1,"f:150:9:150:27":0,"s:152:16:152:Infinity":2,"s:153:2:153:Infinity":3,"f:156:16:156:33":1,"b:156:81:156:117":0,"s:157:2:269:Infinity":4,"f:157:17:157:23":2,"s:158:40:174:Infinity":5,"b:176:4:178:Infinity:undefined:undefined:undefined:undefined":1,"s:176:4:178:Infinity":6,"b:176:8:176:25:176:25:176:52":2,"s:177:6:177:Infinity":7,"s:180:4:268:Infinity":8,"s:182:25:182:Infinity":9,"b:186:6:193:Infinity:189:13:193:Infinity":3,"s:186:6:193:Infinity":10,"s:188:8:188:Infinity":11,"s:191:8:191:Infinity":12,"s:192:8:192:Infinity":13,"s:196:12:196:Infinity":14,"s:197:12:197:Infinity":15,"s:198:6:203:Infinity":16,"s:206:6:206:Infinity":17,"s:207:6:207:Infinity":18,"s:208:6:208:Infinity":19,"s:211:23:214:Infinity":20,"b:216:6:218:Infinity:undefined:undefined:undefined:undefined":4,"s:216:6:218:Infinity":21,"s:217:8:217:Infinity":22,"s:221:22:221:Infinity":23,"s:224:33:226:Infinity":24,"b:225:10:225:Infinity:226:10:226:Infinity":5,"s:229:31:231:Infinity":25,"b:230:10:230:Infinity:231:10:231:Infinity":6,"s:234:32:236:Infinity":26,"b:235:10:235:Infinity:236:10:236:Infinity":7,"s:238:6:246:Infinity":27,"s:248:6:264:Infinity":28,"b:249:48:249:63:249:63:249:Infinity":8,"b:250:48:250:63:250:63:250:Infinity":9,"b:251:54:251:72:251:72:251:Infinity":10,"b:253:74:253:102:253:102:253:Infinity":11,"b:254:68:254:93:254:93:254:Infinity":12,"b:257:74:257:102:257:102:257:Infinity":13,"b:258:74:258:102:258:102:258:Infinity":14,"b:259:68:259:93:259:93:259:Infinity":15,"b:260:74:260:102:260:102:260:Infinity":16,"b:261:80:261:111:261:111:261:Infinity":17,"s:266:6:266:Infinity":29,"s:267:6:267:Infinity":30,"f:273:16:273:35":3,"b:273:68:273:79":18,"b:274:2:274:Infinity:undefined:undefined:undefined:undefined":19,"s:274:2:274:Infinity":31,"s:274:22:274:Infinity":32,"b:275:2:275:Infinity:undefined:undefined:undefined:undefined":20,"s:275:2:275:Infinity":33,"s:275:24:275:Infinity":34,"s:276:2:276:Infinity":35}}}
,"/home/krr/workspace/Keytap-Analyzer/src/hooks/useAudioRecorder.ts": {"path":"/home/krr/workspace/Keytap-Analyzer/src/hooks/useAudioRecorder.ts","statementMap":{"0":{"start":{"line":13,"column":33},"end":{"line":13,"column":null}},"1":{"start":{"line":14,"column":34},"end":{"line":14,"column":null}},"2":{"start":{"line":15,"column":33},"end":{"line":15,"column":null}},"3":{"start":{"line":16,"column":35},"end":{"line":16,"column":null}},"4":{"start":{"line":17,"column":33},"end":{"line":17,"column":null}},"5":{"start":{"line":56,"column":80},"end":{"line":56,"column":null}},"6":{"start":{"line":58,"column":26},"end":{"line":58,"column":null}},"7":{"start":{"line":59,"column":40},"end":{"line":59,"column":null}},"8":{"start":{"line":60,"column":40},"end":{"line":60,"column":null}},"9":{"start":{"line":61,"column":48},"end":{"line":61,"column":null}},"10":{"start":{"line":62,"column":36},"end":{"line":62,"column":null}},"11":{"start":{"line":63,"column":32},"end":{"line":63,"column":null}},"12":{"start":{"line":64,"column":36},"end":{"line":64,"column":null}},"13":{"start":{"line":65,"column":34},"end":{"line":65,"column":null}},"14":{"start":{"line":66,"column":46},"end":{"line":66,"column":null}},"15":{"start":{"line":67,"column":44},"end":{"line":67,"column":null}},"16":{"start":{"line":68,"column":46},"end":{"line":68,"column":null}},"17":{"start":{"line":69,"column":42},"end":{"line":69,"column":null}},"18":{"start":{"line":70,"column":44},"end":{"line":70,"column":null}},"19":{"start":{"line":71,"column":42},"end":{"line":71,"column":null}},"20":{"start":{"line":72,"column":46},"end":{"line":72,"column":null}},"21":{"start":{"line":73,"column":46},"end":{"line":73,"column":null}},"22":{"start":{"line":74,"column":42},"end":{"line":74,"column":null}},"23":{"start":{"line":75,"column":46},"end":{"line":75,"column":null}},"24":{"start":{"line":77,"column":8},"end":{"line":77,"column":null}},"25":{"start":{"line":78,"column":8},"end":{"line":78,"column":null}},"26":{"start":{"line":79,"column":8},"end":{"line":79,"column":null}},"27":{"start":{"line":80,"column":8},"end":{"line":80,"column":null}},"28":{"start":{"line":81,"column":8},"end":{"line":81,"column":null}},"29":{"start":{"line":82,"column":8},"end":{"line":82,"column":null}},"30":{"start":{"line":83,"column":8},"end":{"line":83,"column":null}},"31":{"start":{"line":84,"column":8},"end":{"line":84,"column":null}},"32":{"start":{"line":85,"column":8},"end":{"line":85,"column":null}},"33":{"start":{"line":86,"column":8},"end":{"line":86,"column":null}},"34":{"start":{"line":87,"column":8},"end":{"line":87,"column":null}},"35":{"start":{"line":89,"column":8},"end":{"line":89,"column":null}},"36":{"start":{"line":90,"column":8},"end":{"line":90,"column":null}},"37":{"start":{"line":92,"column":8},"end":{"line":105,"column":null}},"38":{"start":{"line":93,"column":4},"end":{"line":104,"column":null}},"39":{"start":{"line":94,"column":21},"end":{"line":94,"column":null}},"40":{"start":{"line":95,"column":6},"end":{"line":95,"column":null}},"41":{"start":{"line":96,"column":6},"end":{"line":96,"column":null}},"42":{"start":{"line":97,"column":6},"end":{"line":97,"column":null}},"43":{"start":{"line":98,"column":6},"end":{"line":98,"column":null}},"44":{"start":{"line":100,"column":6},"end":{"line":100,"column":null}},"45":{"start":{"line":101,"column":6},"end":{"line":101,"column":null}},"46":{"start":{"line":102,"column":6},"end":{"line":102,"column":null}},"47":{"start":{"line":103,"column":6},"end":{"line":103,"column":null}},"48":{"start":{"line":107,"column":8},"end":{"line":263,"column":null}},"49":{"start":{"line":108,"column":4},"end":{"line":112,"column":null}},"50":{"start":{"line":109,"column":6},"end":{"line":109,"column":null}},"51":{"start":{"line":110,"column":6},"end":{"line":110,"column":null}},"52":{"start":{"line":111,"column":6},"end":{"line":111,"column":null}},"53":{"start":{"line":114,"column":4},"end":{"line":116,"column":null}},"54":{"start":{"line":115,"column":6},"end":{"line":115,"column":null}},"55":{"start":{"line":118,"column":4},"end":{"line":118,"column":null}},"56":{"start":{"line":119,"column":4},"end":{"line":119,"column":null}},"57":{"start":{"line":120,"column":4},"end":{"line":120,"column":null}},"58":{"start":{"line":121,"column":4},"end":{"line":121,"column":null}},"59":{"start":{"line":122,"column":4},"end":{"line":122,"column":null}},"60":{"start":{"line":123,"column":4},"end":{"line":123,"column":null}},"61":{"start":{"line":124,"column":4},"end":{"line":124,"column":null}},"62":{"start":{"line":125,"column":4},"end":{"line":125,"column":null}},"63":{"start":{"line":126,"column":4},"end":{"line":126,"column":null}},"64":{"start":{"line":127,"column":4},"end":{"line":127,"column":null}},"65":{"start":{"line":130,"column":22},"end":{"line":130,"column":null}},"66":{"start":{"line":131,"column":4},"end":{"line":131,"column":null}},"67":{"start":{"line":132,"column":29},"end":{"line":136,"column":null}},"68":{"start":{"line":133,"column":22},"end":{"line":133,"column":null}},"69":{"start":{"line":134,"column":23},"end":{"line":134,"column":null}},"70":{"start":{"line":135,"column":6},"end":{"line":135,"column":null}},"71":{"start":{"line":139,"column":4},"end":{"line":141,"column":null}},"72":{"start":{"line":140,"column":6},"end":{"line":140,"column":null}},"73":{"start":{"line":143,"column":25},"end":{"line":143,"column":null}},"74":{"start":{"line":146,"column":27},"end":{"line":146,"column":null}},"75":{"start":{"line":147,"column":4},"end":{"line":147,"column":null}},"76":{"start":{"line":148,"column":4},"end":{"line":148,"column":null}},"77":{"start":{"line":151,"column":4},"end":{"line":153,"column":null}},"78":{"start":{"line":152,"column":6},"end":{"line":152,"column":null}},"79":{"start":{"line":156,"column":4},"end":{"line":156,"column":null}},"80":{"start":{"line":159,"column":4},"end":{"line":159,"column":null}},"81":{"start":{"line":160,"column":4},"end":{"line":160,"column":null}},"82":{"start":{"line":163,"column":23},"end":{"line":163,"column":null}},"83":{"start":{"line":164,"column":28},"end":{"line":164,"column":null}},"84":{"start":{"line":166,"column":44},"end":{"line":166,"column":null}},"85":{"start":{"line":169,"column":31},"end":{"line":169,"column":null}},"86":{"start":{"line":172,"column":4},"end":{"line":172,"column":null}},"87":{"start":{"line":173,"column":4},"end":{"line":173,"column":null}},"88":{"start":{"line":174,"column":4},"end":{"line":174,"column":null}},"89":{"start":{"line":175,"column":4},"end":{"line":175,"column":null}},"90":{"start":{"line":178,"column":4},"end":{"line":246,"column":null}},"91":{"start":{"line":179,"column":26},"end":{"line":179,"column":null}},"92":{"start":{"line":180,"column":24},"end":{"line":180,"column":null}},"93":{"start":{"line":185,"column":27},"end":{"line":185,"column":null}},"94":{"start":{"line":186,"column":32},"end":{"line":186,"column":null}},"95":{"start":{"line":190,"column":6},"end":{"line":214,"column":null}},"96":{"start":{"line":193,"column":31},"end":{"line":193,"column":null}},"97":{"start":{"line":194,"column":8},"end":{"line":194,"column":null}},"98":{"start":{"line":195,"column":8},"end":{"line":195,"column":null}},"99":{"start":{"line":198,"column":8},"end":{"line":202,"column":null}},"100":{"start":{"line":199,"column":16},"end":{"line":199,"column":null}},"101":{"start":{"line":200,"column":10},"end":{"line":200,"column":null}},"102":{"start":{"line":201,"column":10},"end":{"line":201,"column":null}},"103":{"start":{"line":203,"column":8},"end":{"line":207,"column":null}},"104":{"start":{"line":204,"column":16},"end":{"line":204,"column":null}},"105":{"start":{"line":205,"column":10},"end":{"line":205,"column":null}},"106":{"start":{"line":206,"column":10},"end":{"line":206,"column":null}},"107":{"start":{"line":208,"column":8},"end":{"line":208,"column":null}},"108":{"start":{"line":209,"column":8},"end":{"line":209,"column":null}},"109":{"start":{"line":211,"column":8},"end":{"line":211,"column":null}},"110":{"start":{"line":212,"column":8},"end":{"line":212,"column":null}},"111":{"start":{"line":213,"column":8},"end":{"line":213,"column":null}},"112":{"start":{"line":219,"column":27},"end":{"line":219,"column":null}},"113":{"start":{"line":220,"column":6},"end":{"line":223,"column":null}},"114":{"start":{"line":225,"column":25},"end":{"line":225,"column":null}},"115":{"start":{"line":226,"column":6},"end":{"line":228,"column":null}},"116":{"start":{"line":227,"column":8},"end":{"line":227,"column":null}},"117":{"start":{"line":231,"column":6},"end":{"line":231,"column":null}},"118":{"start":{"line":232,"column":6},"end":{"line":232,"column":null}},"119":{"start":{"line":235,"column":30},"end":{"line":235,"column":null}},"120":{"start":{"line":236,"column":12},"end":{"line":236,"column":null}},"121":{"start":{"line":237,"column":6},"end":{"line":239,"column":null}},"122":{"start":{"line":238,"column":8},"end":{"line":238,"column":null}},"123":{"start":{"line":249,"column":4},"end":{"line":249,"column":null}},"124":{"start":{"line":250,"column":4},"end":{"line":250,"column":null}},"125":{"start":{"line":251,"column":4},"end":{"line":251,"column":null}},"126":{"start":{"line":254,"column":4},"end":{"line":254,"column":null}},"127":{"start":{"line":255,"column":4},"end":{"line":255,"column":null}},"128":{"start":{"line":258,"column":4},"end":{"line":262,"column":null}},"129":{"start":{"line":259,"column":6},"end":{"line":259,"column":null}},"130":{"start":{"line":260,"column":6},"end":{"line":260,"column":null}},"131":{"start":{"line":261,"column":6},"end":{"line":261,"column":null}},"132":{"start":{"line":265,"column":8},"end":{"line":309,"column":null}},"133":{"start":{"line":269,"column":4},"end":{"line":269,"column":null}},"134":{"start":{"line":272,"column":4},"end":{"line":274,"column":null}},"135":{"start":{"line":273,"column":6},"end":{"line":273,"column":null}},"136":{"start":{"line":275,"column":4},"end":{"line":277,"column":null}},"137":{"start":{"line":276,"column":6},"end":{"line":276,"column":null}},"138":{"start":{"line":278,"column":4},"end":{"line":280,"column":null}},"139":{"start":{"line":279,"column":6},"end":{"line":279,"column":null}},"140":{"start":{"line":283,"column":4},"end":{"line":287,"column":null}},"141":{"start":{"line":284,"column":6},"end":{"line":284,"column":null}},"142":{"start":{"line":285,"column":6},"end":{"line":285,"column":null}},"143":{"start":{"line":286,"column":6},"end":{"line":286,"column":null}},"144":{"start":{"line":290,"column":24},"end":{"line":293,"column":null}},"145":{"start":{"line":291,"column":22},"end":{"line":291,"column":null}},"146":{"start":{"line":294,"column":25},"end":{"line":294,"column":null}},"147":{"start":{"line":295,"column":17},"end":{"line":295,"column":null}},"148":{"start":{"line":297,"column":4},"end":{"line":300,"column":null}},"149":{"start":{"line":298,"column":6},"end":{"line":298,"column":null}},"150":{"start":{"line":299,"column":6},"end":{"line":299,"column":null}},"151":{"start":{"line":302,"column":4},"end":{"line":302,"column":null}},"152":{"start":{"line":303,"column":4},"end":{"line":303,"column":null}},"153":{"start":{"line":306,"column":4},"end":{"line":306,"column":null}},"154":{"start":{"line":308,"column":4},"end":{"line":308,"column":null}},"155":{"start":{"line":312,"column":8},"end":{"line":359,"column":null}},"156":{"start":{"line":321,"column":4},"end":{"line":325,"column":null}},"157":{"start":{"line":322,"column":6},"end":{"line":322,"column":null}},"158":{"start":{"line":323,"column":6},"end":{"line":323,"column":null}},"159":{"start":{"line":324,"column":6},"end":{"line":324,"column":null}},"160":{"start":{"line":328,"column":34},"end":{"line":328,"column":null}},"161":{"start":{"line":329,"column":32},"end":{"line":329,"column":null}},"162":{"start":{"line":330,"column":4},"end":{"line":330,"column":null}},"163":{"start":{"line":332,"column":23},"end":{"line":332,"column":null}},"164":{"start":{"line":333,"column":4},"end":{"line":333,"column":null}},"165":{"start":{"line":336,"column":10},"end":{"line":336,"column":null}},"166":{"start":{"line":338,"column":10},"end":{"line":346,"column":null}},"167":{"start":{"line":348,"column":4},"end":{"line":358,"column":null}},"168":{"start":{"line":349,"column":6},"end":{"line":349,"column":null}},"169":{"start":{"line":350,"column":6},"end":{"line":350,"column":null}},"170":{"start":{"line":351,"column":6},"end":{"line":351,"column":null}},"171":{"start":{"line":352,"column":6},"end":{"line":352,"column":null}},"172":{"start":{"line":353,"column":23},"end":{"line":353,"column":null}},"173":{"start":{"line":354,"column":6},"end":{"line":354,"column":null}},"174":{"start":{"line":356,"column":6},"end":{"line":356,"column":null}},"175":{"start":{"line":357,"column":6},"end":{"line":357,"column":null}},"176":{"start":{"line":362,"column":8},"end":{"line":407,"column":null}},"177":{"start":{"line":371,"column":4},"end":{"line":374,"column":null}},"178":{"start":{"line":372,"column":6},"end":{"line":372,"column":null}},"179":{"start":{"line":373,"column":6},"end":{"line":373,"column":null}},"180":{"start":{"line":377,"column":32},"end":{"line":379,"column":null}},"181":{"start":{"line":380,"column":4},"end":{"line":380,"column":null}},"182":{"start":{"line":382,"column":23},"end":{"line":382,"column":null}},"183":{"start":{"line":383,"column":4},"end":{"line":383,"column":null}},"184":{"start":{"line":386,"column":26},"end":{"line":386,"column":null}},"185":{"start":{"line":386,"column":84},"end":{"line":386,"column":89}},"186":{"start":{"line":387,"column":10},"end":{"line":387,"column":null}},"187":{"start":{"line":389,"column":10},"end":{"line":397,"column":null}},"188":{"start":{"line":399,"column":4},"end":{"line":406,"column":null}},"189":{"start":{"line":400,"column":6},"end":{"line":400,"column":null}},"190":{"start":{"line":401,"column":6},"end":{"line":401,"column":null}},"191":{"start":{"line":402,"column":23},"end":{"line":402,"column":null}},"192":{"start":{"line":403,"column":6},"end":{"line":403,"column":null}},"193":{"start":{"line":405,"column":6},"end":{"line":405,"column":null}},"194":{"start":{"line":410,"column":8},"end":{"line":431,"column":null}},"195":{"start":{"line":415,"column":4},"end":{"line":418,"column":null}},"196":{"start":{"line":416,"column":6},"end":{"line":416,"column":null}},"197":{"start":{"line":417,"column":6},"end":{"line":417,"column":null}},"198":{"start":{"line":420,"column":23},"end":{"line":420,"column":null}},"199":{"start":{"line":422,"column":4},"end":{"line":422,"column":null}},"200":{"start":{"line":423,"column":4},"end":{"line":423,"column":null}},"201":{"start":{"line":424,"column":4},"end":{"line":424,"column":null}},"202":{"start":{"line":426,"column":10},"end":{"line":426,"column":null}},"203":{"start":{"line":428,"column":4},"end":{"line":428,"column":null}},"204":{"start":{"line":430,"column":4},"end":{"line":430,"column":null}},"205":{"start":{"line":434,"column":8},"end":{"line":444,"column":null}},"206":{"start":{"line":435,"column":22},"end":{"line":435,"column":null}},"207":{"start":{"line":436,"column":30},"end":{"line":436,"column":null}},"208":{"start":{"line":437,"column":28},"end":{"line":437,"column":null}},"209":{"start":{"line":439,"column":4},"end":{"line":441,"column":null}},"210":{"start":{"line":440,"column":6},"end":{"line":440,"column":null}},"211":{"start":{"line":443,"column":4},"end":{"line":443,"column":null}},"212":{"start":{"line":447,"column":8},"end":{"line":457,"column":null}},"213":{"start":{"line":448,"column":22},"end":{"line":448,"column":null}},"214":{"start":{"line":449,"column":30},"end":{"line":449,"column":null}},"215":{"start":{"line":450,"column":28},"end":{"line":450,"column":null}},"216":{"start":{"line":452,"column":4},"end":{"line":454,"column":null}},"217":{"start":{"line":453,"column":6},"end":{"line":453,"column":null}},"218":{"start":{"line":456,"column":4},"end":{"line":456,"column":null}},"219":{"start":{"line":460,"column":8},"end":{"line":471,"column":null}},"220":{"start":{"line":461,"column":4},"end":{"line":461,"column":null}},"221":{"start":{"line":463,"column":4},"end":{"line":467,"column":null}},"222":{"start":{"line":464,"column":6},"end":{"line":464,"column":null}},"223":{"start":{"line":465,"column":6},"end":{"line":465,"column":null}},"224":{"start":{"line":466,"column":6},"end":{"line":466,"column":null}},"225":{"start":{"line":469,"column":21},"end":{"line":469,"column":null}},"226":{"start":{"line":470,"column":4},"end":{"line":470,"column":null}},"227":{"start":{"line":474,"column":2},"end":{"line":481,"column":null}},"228":{"start":{"line":475,"column":4},"end":{"line":480,"column":null}},"229":{"start":{"line":476,"column":23},"end":{"line":476,"column":null}},"230":{"start":{"line":477,"column":6},"end":{"line":477,"column":null}},"231":{"start":{"line":479,"column":6},"end":{"line":479,"column":null}},"232":{"start":{"line":485,"column":8},"end":{"line":521,"column":null}},"233":{"start":{"line":486,"column":16},"end":{"line":486,"column":null}},"234":{"start":{"line":487,"column":23},"end":{"line":487,"column":null}},"235":{"start":{"line":490,"column":4},"end":{"line":492,"column":null}},"236":{"start":{"line":491,"column":6},"end":{"line":491,"column":null}},"237":{"start":{"line":495,"column":20},"end":{"line":495,"column":null}},"238":{"start":{"line":496,"column":20},"end":{"line":496,"column":null}},"239":{"start":{"line":498,"column":4},"end":{"line":506,"column":null}},"240":{"start":{"line":498,"column":17},"end":{"line":498,"column":20}},"241":{"start":{"line":499,"column":6},"end":{"line":501,"column":null}},"242":{"start":{"line":500,"column":8},"end":{"line":500,"column":null}},"243":{"start":{"line":502,"column":6},"end":{"line":505,"column":null}},"244":{"start":{"line":503,"column":8},"end":{"line":503,"column":null}},"245":{"start":{"line":504,"column":8},"end":{"line":504,"column":null}},"246":{"start":{"line":509,"column":4},"end":{"line":515,"column":null}},"247":{"start":{"line":511,"column":24},"end":{"line":511,"column":null}},"248":{"start":{"line":512,"column":27},"end":{"line":512,"column":null}},"249":{"start":{"line":513,"column":27},"end":{"line":513,"column":null}},"250":{"start":{"line":514,"column":6},"end":{"line":514,"column":null}},"251":{"start":{"line":518,"column":10},"end":{"line":518,"column":null}},"252":{"start":{"line":519,"column":32},"end":{"line":519,"column":null}},"253":{"start":{"line":520,"column":4},"end":{"line":520,"column":null}},"254":{"start":{"line":524,"column":2},"end":{"line":555,"column":null}},"255":{"start":{"line":525,"column":26},"end":{"line":549,"column":null}},"256":{"start":{"line":526,"column":6},"end":{"line":526,"column":null}},"257":{"start":{"line":526,"column":24},"end":{"line":526,"column":null}},"258":{"start":{"line":527,"column":6},"end":{"line":527,"column":null}},"259":{"start":{"line":527,"column":36},"end":{"line":527,"column":null}},"260":{"start":{"line":530,"column":31},"end":{"line":530,"column":null}},"261":{"start":{"line":533,"column":6},"end":{"line":537,"column":null}},"262":{"start":{"line":534,"column":8},"end":{"line":534,"column":null}},"263":{"start":{"line":535,"column":8},"end":{"line":535,"column":null}},"264":{"start":{"line":536,"column":8},"end":{"line":536,"column":null}},"265":{"start":{"line":540,"column":24},"end":{"line":540,"column":null}},"266":{"start":{"line":543,"column":12},"end":{"line":543,"column":null}},"267":{"start":{"line":545,"column":6},"end":{"line":545,"column":null}},"268":{"start":{"line":546,"column":6},"end":{"line":546,"column":null}},"269":{"start":{"line":548,"column":6},"end":{"line":548,"column":null}},"270":{"start":{"line":551,"column":4},"end":{"line":551,"column":null}},"271":{"start":{"line":552,"column":4},"end":{"line":554,"column":null}},"272":{"start":{"line":553,"column":6},"end":{"line":553,"column":null}},"273":{"start":{"line":558,"column":2},"end":{"line":589,"column":null}},"274":{"start":{"line":559,"column":24},"end":{"line":583,"column":null}},"275":{"start":{"line":560,"column":6},"end":{"line":560,"column":null}},"276":{"start":{"line":560,"column":24},"end":{"line":560,"column":null}},"277":{"start":{"line":561,"column":6},"end":{"line":561,"column":null}},"278":{"start":{"line":561,"column":36},"end":{"line":561,"column":null}},"279":{"start":{"line":564,"column":31},"end":{"line":564,"column":null}},"280":{"start":{"line":567,"column":6},"end":{"line":571,"column":null}},"281":{"start":{"line":568,"column":8},"end":{"line":568,"column":null}},"282":{"start":{"line":569,"column":8},"end":{"line":569,"column":null}},"283":{"start":{"line":570,"column":8},"end":{"line":570,"column":null}},"284":{"start":{"line":574,"column":24},"end":{"line":574,"column":null}},"285":{"start":{"line":577,"column":12},"end":{"line":577,"column":null}},"286":{"start":{"line":579,"column":6},"end":{"line":579,"column":null}},"287":{"start":{"line":580,"column":6},"end":{"line":580,"column":null}},"288":{"start":{"line":582,"column":6},"end":{"line":582,"column":null}},"289":{"start":{"line":585,"column":4},"end":{"line":585,"column":null}},"290":{"start":{"line":586,"column":4},"end":{"line":588,"column":null}},"291":{"start":{"line":587,"column":6},"end":{"line":587,"column":null}},"292":{"start":{"line":591,"column":2},"end":{"line":620,"column":null}}},"fnMap":{"0":{"name":"useAudioRecorder","decl":{"start":{"line":55,"column":16},"end":{"line":55,"column":33}},"loc":{"start":{"line":55,"column":96},"end":{"line":621,"column":null}},"line":55},"1":{"name":"(anonymous_1)","decl":{"start":{"line":92,"column":38},"end":{"line":92,"column":50}},"loc":{"start":{"line":92,"column":50},"end":{"line":105,"column":5}},"line":92},"2":{"name":"(anonymous_2)","decl":{"start":{"line":107,"column":37},"end":{"line":107,"column":49}},"loc":{"start":{"line":107,"column":49},"end":{"line":263,"column":5}},"line":107},"3":{"name":"(anonymous_3)","decl":{"start":{"line":132,"column":41},"end":{"line":132,"column":47}},"loc":{"start":{"line":132,"column":47},"end":{"line":136,"column":7}},"line":132},"4":{"name":"(anonymous_4)","decl":{"start":{"line":178,"column":37},"end":{"line":178,"column":38}},"loc":{"start":{"line":178,"column":63},"end":{"line":246,"column":null}},"line":178},"5":{"name":"(anonymous_5)","decl":{"start":{"line":258,"column":15},"end":{"line":258,"column":21}},"loc":{"start":{"line":258,"column":21},"end":{"line":262,"column":7}},"line":258},"6":{"name":"(anonymous_6)","decl":{"start":{"line":265,"column":36},"end":{"line":265,"column":null}},"loc":{"start":{"line":268,"column":7},"end":{"line":309,"column":5}},"line":268},"7":{"name":"(anonymous_7)","decl":{"start":{"line":291,"column":6},"end":{"line":291,"column":7}},"loc":{"start":{"line":291,"column":22},"end":{"line":291,"column":null}},"line":291},"8":{"name":"(anonymous_8)","decl":{"start":{"line":312,"column":48},"end":{"line":312,"column":null}},"loc":{"start":{"line":319,"column":7},"end":{"line":359,"column":5}},"line":319},"9":{"name":"(anonymous_9)","decl":{"start":{"line":362,"column":47},"end":{"line":362,"column":null}},"loc":{"start":{"line":369,"column":7},"end":{"line":407,"column":5}},"line":369},"10":{"name":"(anonymous_10)","decl":{"start":{"line":386,"column":74},"end":{"line":386,"column":75}},"loc":{"start":{"line":386,"column":84},"end":{"line":386,"column":89}},"line":386},"11":{"name":"(anonymous_11)","decl":{"start":{"line":410,"column":53},"end":{"line":410,"column":null}},"loc":{"start":{"line":414,"column":7},"end":{"line":431,"column":5}},"line":414},"12":{"name":"(anonymous_12)","decl":{"start":{"line":434,"column":50},"end":{"line":434,"column":51}},"loc":{"start":{"line":434,"column":92},"end":{"line":444,"column":5}},"line":434},"13":{"name":"(anonymous_13)","decl":{"start":{"line":447,"column":49},"end":{"line":447,"column":50}},"loc":{"start":{"line":447,"column":91},"end":{"line":457,"column":5}},"line":447},"14":{"name":"(anonymous_14)","decl":{"start":{"line":460,"column":50},"end":{"line":460,"column":51}},"loc":{"start":{"line":460,"column":74},"end":{"line":471,"column":5}},"line":460},"15":{"name":"(anonymous_15)","decl":{"start":{"line":474,"column":12},"end":{"line":474,"column":18}},"loc":{"start":{"line":474,"column":18},"end":{"line":481,"column":5}},"line":474},"16":{"name":"(anonymous_16)","decl":{"start":{"line":485,"column":47},"end":{"line":485,"column":48}},"loc":{"start":{"line":485,"column":78},"end":{"line":521,"column":5}},"line":485},"17":{"name":"(anonymous_17)","decl":{"start":{"line":524,"column":12},"end":{"line":524,"column":18}},"loc":{"start":{"line":524,"column":18},"end":{"line":555,"column":5}},"line":524},"18":{"name":"(anonymous_18)","decl":{"start":{"line":525,"column":26},"end":{"line":525,"column":27}},"loc":{"start":{"line":525,"column":53},"end":{"line":549,"column":null}},"line":525},"19":{"name":"(anonymous_19)","decl":{"start":{"line":552,"column":11},"end":{"line":552,"column":17}},"loc":{"start":{"line":552,"column":17},"end":{"line":554,"column":null}},"line":552},"20":{"name":"(anonymous_20)","decl":{"start":{"line":558,"column":12},"end":{"line":558,"column":18}},"loc":{"start":{"line":558,"column":18},"end":{"line":589,"column":5}},"line":558},"21":{"name":"(anonymous_21)","decl":{"start":{"line":559,"column":24},"end":{"line":559,"column":25}},"loc":{"start":{"line":559,"column":51},"end":{"line":583,"column":null}},"line":559},"22":{"name":"(anonymous_22)","decl":{"start":{"line":586,"column":11},"end":{"line":586,"column":17}},"loc":{"start":{"line":586,"column":17},"end":{"line":588,"column":null}},"line":586}},"branchMap":{"0":{"loc":{"start":{"line":55,"column":33},"end":{"line":55,"column":96}},"type":"default-arg","locations":[{"start":{"line":55,"column":68},"end":{"line":55,"column":96}}],"line":55},"1":{"loc":{"start":{"line":56,"column":10},"end":{"line":56,"column":36}},"type":"default-arg","locations":[{"start":{"line":56,"column":30},"end":{"line":56,"column":36}}],"line":56},"2":{"loc":{"start":{"line":56,"column":36},"end":{"line":56,"column":76}},"type":"default-arg","locations":[{"start":{"line":56,"column":56},"end":{"line":56,"column":76}}],"line":56},"3":{"loc":{"start":{"line":108,"column":4},"end":{"line":112,"column":null}},"type":"if","locations":[{"start":{"line":108,"column":4},"end":{"line":112,"column":null}},{"start":{},"end":{}}],"line":108},"4":{"loc":{"start":{"line":114,"column":4},"end":{"line":116,"column":null}},"type":"if","locations":[{"start":{"line":114,"column":4},"end":{"line":116,"column":null}},{"start":{},"end":{}}],"line":114},"5":{"loc":{"start":{"line":139,"column":4},"end":{"line":141,"column":null}},"type":"if","locations":[{"start":{"line":139,"column":4},"end":{"line":141,"column":null}},{"start":{},"end":{}}],"line":139},"6":{"loc":{"start":{"line":140,"column":37},"end":{"line":140,"column":152}},"type":"binary-expr","locations":[{"start":{"line":140,"column":37},"end":{"line":140,"column":61}},{"start":{"line":140,"column":61},"end":{"line":140,"column":152}}],"line":140},"7":{"loc":{"start":{"line":151,"column":4},"end":{"line":153,"column":null}},"type":"if","locations":[{"start":{"line":151,"column":4},"end":{"line":153,"column":null}},{"start":{},"end":{}}],"line":151},"8":{"loc":{"start":{"line":190,"column":6},"end":{"line":214,"column":null}},"type":"if","locations":[{"start":{"line":190,"column":6},"end":{"line":214,"column":null}},{"start":{},"end":{}}],"line":190},"9":{"loc":{"start":{"line":226,"column":6},"end":{"line":228,"column":null}},"type":"if","locations":[{"start":{"line":226,"column":6},"end":{"line":228,"column":null}},{"start":{},"end":{}}],"line":226},"10":{"loc":{"start":{"line":237,"column":6},"end":{"line":239,"column":null}},"type":"if","locations":[{"start":{"line":237,"column":6},"end":{"line":239,"column":null}},{"start":{},"end":{}}],"line":237},"11":{"loc":{"start":{"line":272,"column":4},"end":{"line":274,"column":null}},"type":"if","locations":[{"start":{"line":272,"column":4},"end":{"line":274,"column":null}},{"start":{},"end":{}}],"line":272},"12":{"loc":{"start":{"line":275,"column":4},"end":{"line":277,"column":null}},"type":"if","locations":[{"start":{"line":275,"column":4},"end":{"line":277,"column":null}},{"start":{},"end":{}}],"line":275},"13":{"loc":{"start":{"line":278,"column":4},"end":{"line":280,"column":null}},"type":"if","locations":[{"start":{"line":278,"column":4},"end":{"line":280,"column":null}},{"start":{},"end":{}}],"line":278},"14":{"loc":{"start":{"line":283,"column":4},"end":{"line":287,"column":null}},"type":"if","locations":[{"start":{"line":283,"column":4},"end":{"line":287,"column":null}},{"start":{},"end":{}}],"line":283},"15":{"loc":{"start":{"line":321,"column":4},"end":{"line":325,"column":null}},"type":"if","locations":[{"start":{"line":321,"column":4},"end":{"line":325,"column":null}},{"start":{},"end":{}}],"line":321},"16":{"loc":{"start":{"line":332,"column":23},"end":{"line":332,"column":null}},"type":"binary-expr","locations":[{"start":{"line":332,"column":23},"end":{"line":332,"column":62}},{"start":{"line":332,"column":62},"end":{"line":332,"column":null}}],"line":332},"17":{"loc":{"start":{"line":348,"column":4},"end":{"line":358,"column":null}},"type":"if","locations":[{"start":{"line":348,"column":4},"end":{"line":358,"column":null}},{"start":{"line":355,"column":11},"end":{"line":358,"column":null}}],"line":348},"18":{"loc":{"start":{"line":353,"column":23},"end":{"line":353,"column":null}},"type":"cond-expr","locations":[{"start":{"line":353,"column":35},"end":{"line":353,"column":48}},{"start":{"line":353,"column":48},"end":{"line":353,"column":null}}],"line":353},"19":{"loc":{"start":{"line":371,"column":4},"end":{"line":374,"column":null}},"type":"if","locations":[{"start":{"line":371,"column":4},"end":{"line":374,"column":null}},{"start":{},"end":{}}],"line":371},"20":{"loc":{"start":{"line":377,"column":32},"end":{"line":379,"column":null}},"type":"cond-expr","locations":[{"start":{"line":378,"column":8},"end":{"line":378,"column":null}},{"start":{"line":379,"column":8},"end":{"line":379,"column":null}}],"line":377},"21":{"loc":{"start":{"line":382,"column":23},"end":{"line":382,"column":null}},"type":"binary-expr","locations":[{"start":{"line":382,"column":23},"end":{"line":382,"column":62}},{"start":{"line":382,"column":62},"end":{"line":382,"column":null}}],"line":382},"22":{"loc":{"start":{"line":399,"column":4},"end":{"line":406,"column":null}},"type":"if","locations":[{"start":{"line":399,"column":4},"end":{"line":406,"column":null}},{"start":{"line":404,"column":11},"end":{"line":406,"column":null}}],"line":399},"23":{"loc":{"start":{"line":402,"column":23},"end":{"line":402,"column":null}},"type":"cond-expr","locations":[{"start":{"line":402,"column":35},"end":{"line":402,"column":48}},{"start":{"line":402,"column":48},"end":{"line":402,"column":null}}],"line":402},"24":{"loc":{"start":{"line":415,"column":4},"end":{"line":418,"column":null}},"type":"if","locations":[{"start":{"line":415,"column":4},"end":{"line":418,"column":null}},{"start":{},"end":{}}],"line":415},"25":{"loc":{"start":{"line":415,"column":8},"end":{"line":415,"column":49}},"type":"binary-expr","locations":[{"start":{"line":415,"column":8},"end":{"line":415,"column":27}},{"start":{"line":415,"column":27},"end":{"line":415,"column":49}}],"line":415},"26":{"loc":{"start":{"line":420,"column":23},"end":{"line":420,"column":null}},"type":"binary-expr","locations":[{"start":{"line":420,"column":23},"end":{"line":420,"column":62}},{"start":{"line":420,"column":62},"end":{"line":420,"column":null}}],"line":420},"27":{"loc":{"start":{"line":439,"column":4},"end":{"line":441,"column":null}},"type":"if","locations":[{"start":{"line":439,"column":4},"end":{"line":441,"column":null}},{"start":{},"end":{}}],"line":439},"28":{"loc":{"start":{"line":439,"column":8},"end":{"line":439,"column":54}},"type":"binary-expr","locations":[{"start":{"line":439,"column":8},"end":{"line":439,"column":22}},{"start":{"line":439,"column":22},"end":{"line":439,"column":54}}],"line":439},"29":{"loc":{"start":{"line":452,"column":4},"end":{"line":454,"column":null}},"type":"if","locations":[{"start":{"line":452,"column":4},"end":{"line":454,"column":null}},{"start":{},"end":{}}],"line":452},"30":{"loc":{"start":{"line":452,"column":8},"end":{"line":452,"column":52}},"type":"binary-expr","locations":[{"start":{"line":452,"column":8},"end":{"line":452,"column":22}},{"start":{"line":452,"column":22},"end":{"line":452,"column":52}}],"line":452},"31":{"loc":{"start":{"line":463,"column":4},"end":{"line":467,"column":null}},"type":"if","locations":[{"start":{"line":463,"column":4},"end":{"line":467,"column":null}},{"start":{},"end":{}}],"line":463},"32":{"loc":{"start":{"line":463,"column":8},"end":{"line":463,"column":47}},"type":"binary-expr","locations":[{"start":{"line":463,"column":8},"end":{"line":463,"column":29}},{"start":{"line":463,"column":29},"end":{"line":463,"column":47}}],"line":463},"33":{"loc":{"start":{"line":475,"column":4},"end":{"line":480,"column":null}},"type":"if","locations":[{"start":{"line":475,"column":4},"end":{"line":480,"column":null}},{"start":{"line":478,"column":11},"end":{"line":480,"column":null}}],"line":475},"34":{"loc":{"start":{"line":475,"column":8},"end":{"line":475,"column":45}},"type":"binary-expr","locations":[{"start":{"line":475,"column":8},"end":{"line":475,"column":28}},{"start":{"line":475,"column":28},"end":{"line":475,"column":45}}],"line":475},"35":{"loc":{"start":{"line":487,"column":23},"end":{"line":487,"column":null}},"type":"binary-expr","locations":[{"start":{"line":487,"column":23},"end":{"line":487,"column":62}},{"start":{"line":487,"column":62},"end":{"line":487,"column":null}}],"line":487},"36":{"loc":{"start":{"line":490,"column":4},"end":{"line":492,"column":null}},"type":"if","locations":[{"start":{"line":490,"column":4},"end":{"line":492,"column":null}},{"start":{},"end":{}}],"line":490},"37":{"loc":{"start":{"line":499,"column":6},"end":{"line":501,"column":null}},"type":"if","locations":[{"start":{"line":499,"column":6},"end":{"line":501,"column":null}},{"start":{},"end":{}}],"line":499},"38":{"loc":{"start":{"line":502,"column":6},"end":{"line":505,"column":null}},"type":"if","locations":[{"start":{"line":502,"column":6},"end":{"line":505,"column":null}},{"start":{},"end":{}}],"line":502},"39":{"loc":{"start":{"line":502,"column":10},"end":{"line":502,"column":108}},"type":"binary-expr","locations":[{"start":{"line":502,"column":10},"end":{"line":502,"column":47}},{"start":{"line":502,"column":47},"end":{"line":502,"column":85}},{"start":{"line":502,"column":85},"end":{"line":502,"column":108}}],"line":502},"40":{"loc":{"start":{"line":509,"column":4},"end":{"line":515,"column":null}},"type":"if","locations":[{"start":{"line":509,"column":4},"end":{"line":515,"column":null}},{"start":{},"end":{}}],"line":509},"41":{"loc":{"start":{"line":509,"column":8},"end":{"line":509,"column":86}},"type":"binary-expr","locations":[{"start":{"line":509,"column":8},"end":{"line":509,"column":35}},{"start":{"line":509,"column":35},"end":{"line":509,"column":86}}],"line":509},"42":{"loc":{"start":{"line":526,"column":6},"end":{"line":526,"column":null}},"type":"if","locations":[{"start":{"line":526,"column":6},"end":{"line":526,"column":null}},{"start":{},"end":{}}],"line":526},"43":{"loc":{"start":{"line":527,"column":6},"end":{"line":527,"column":null}},"type":"if","locations":[{"start":{"line":527,"column":6},"end":{"line":527,"column":null}},{"start":{},"end":{}}],"line":527},"44":{"loc":{"start":{"line":533,"column":6},"end":{"line":537,"column":null}},"type":"if","locations":[{"start":{"line":533,"column":6},"end":{"line":537,"column":null}},{"start":{},"end":{}}],"line":533},"45":{"loc":{"start":{"line":560,"column":6},"end":{"line":560,"column":null}},"type":"if","locations":[{"start":{"line":560,"column":6},"end":{"line":560,"column":null}},{"start":{},"end":{}}],"line":560},"46":{"loc":{"start":{"line":561,"column":6},"end":{"line":561,"column":null}},"type":"if","locations":[{"start":{"line":561,"column":6},"end":{"line":561,"column":null}},{"start":{},"end":{}}],"line":561},"47":{"loc":{"start":{"line":567,"column":6},"end":{"line":571,"column":null}},"type":"if","locations":[{"start":{"line":567,"column":6},"end":{"line":571,"column":null}},{"start":{},"end":{}}],"line":567}},"s":{"0":1,"1":1,"2":1,"3":1,"4":1,"5":25,"6":25,"7":25,"8":25,"9":25,"10":25,"11":25,"12":25,"13":25,"14":25,"15":25,"16":25,"17":25,"18":25,"19":25,"20":25,"21":25,"22":25,"23":25,"24":25,"25":25,"26":25,"27":25,"28":25,"29":25,"30":25,"31":25,"32":25,"33":25,"34":25,"35":25,"36":25,"37":25,"38":3,"39":3,"40":1,"41":1,"42":1,"43":1,"44":2,"45":2,"46":2,"47":2,"48":25,"49":1,"50":1,"51":1,"52":1,"53":0,"54":0,"55":0,"56":0,"57":0,"58":0,"59":0,"60":0,"61":0,"62":0,"63":0,"64":0,"65":0,"66":0,"67":0,"68":0,"69":0,"70":0,"71":0,"72":0,"73":0,"74":0,"75":0,"76":0,"77":0,"78":0,"79":0,"80":0,"81":0,"82":0,"83":0,"84":0,"85":0,"86":0,"87":0,"88":0,"89":0,"90":0,"91":0,"92":0,"93":0,"94":0,"95":0,"96":0,"97":0,"98":0,"99":0,"100":0,"101":0,"102":0,"103":0,"104":0,"105":0,"106":0,"107":0,"108":0,"109":0,"110":0,"111":0,"112":0,"113":0,"114":0,"115":0,"116":0,"117":0,"118":0,"119":0,"120":0,"121":0,"122":0,"123":0,"124":0,"125":0,"126":0,"127":0,"128":0,"129":0,"130":0,"131":0,"132":25,"133":0,"134":0,"135":0,"136":0,"137":0,"138":0,"139":0,"140":0,"141":0,"142":0,"143":0,"144":0,"145":0,"146":0,"147":0,"148":0,"149":0,"150":0,"151":0,"152":0,"153":0,"154":0,"155":25,"156":0,"157":0,"158":0,"159":0,"160":0,"161":0,"162":0,"163":0,"164":0,"165":0,"166":0,"167":0,"168":0,"169":0,"170":0,"171":0,"172":0,"173":0,"174":0,"175":0,"176":25,"177":0,"178":0,"179":0,"180":0,"181":0,"182":0,"183":0,"184":0,"185":0,"186":0,"187":0,"188":0,"189":0,"190":0,"191":0,"192":0,"193":0,"194":25,"195":0,"196":0,"197":0,"198":0,"199":0,"200":0,"201":0,"202":0,"203":0,"204":0,"205":25,"206":1,"207":1,"208":1,"209":1,"210":1,"211":0,"212":25,"213":1,"214":1,"215":1,"216":1,"217":1,"218":0,"219":25,"220":1,"221":1,"222":1,"223":1,"224":1,"225":0,"226":0,"227":25,"228":18,"229":0,"230":0,"231":18,"232":25,"233":0,"234":0,"235":0,"236":0,"237":0,"238":0,"239":0,"240":0,"241":0,"242":0,"243":0,"244":0,"245":0,"246":0,"247":0,"248":0,"249":0,"250":0,"251":0,"252":0,"253":0,"254":25,"255":17,"256":0,"257":0,"258":0,"259":0,"260":0,"261":0,"262":0,"263":0,"264":0,"265":0,"266":0,"267":0,"268":0,"269":0,"270":17,"271":17,"272":17,"273":25,"274":17,"275":0,"276":0,"277":0,"278":0,"279":0,"280":0,"281":0,"282":0,"283":0,"284":0,"285":0,"286":0,"287":0,"288":0,"289":17,"290":17,"291":17,"292":25},"f":{"0":25,"1":3,"2":1,"3":0,"4":0,"5":0,"6":0,"7":0,"8":0,"9":0,"10":0,"11":0,"12":1,"13":1,"14":1,"15":18,"16":0,"17":17,"18":0,"19":17,"20":17,"21":0,"22":17},"b":{"0":[25],"1":[25],"2":[25],"3":[1,0],"4":[0,0],"5":[0,0],"6":[0,0],"7":[0,0],"8":[0,0],"9":[0,0],"10":[0,0],"11":[0,0],"12":[0,0],"13":[0,0],"14":[0,0],"15":[0,0],"16":[0,0],"17":[0,0],"18":[0,0],"19":[0,0],"20":[0,0],"21":[0,0],"22":[0,0],"23":[0,0],"24":[0,0],"25":[0,0],"26":[0,0],"27":[1,0],"28":[1,0],"29":[1,0],"30":[1,0],"31":[1,0],"32":[1,0],"33":[0,18],"34":[18,0],"35":[0,0],"36":[0,0],"37":[0,0],"38":[0,0],"39":[0,0,0],"40":[0,0],"41":[0,0],"42":[0,0],"43":[0,0],"44":[0,0],"45":[0,0],"46":[0,0],"47":[0,0]},"meta":{"lastBranch":48,"lastFunction":23,"lastStatement":293,"seen":{"s:13:33:13:Infinity":0,"s:14:34:14:Infinity":1,"s:15:33:15:Infinity":2,"s:16:35:16:Infinity":3,"s:17:33:17:Infinity":4,"f:55:16:55:33":0,"b:55:68:55:96":0,"s:56:80:56:Infinity":5,"b:56:30:56:36":1,"b:56:56:56:76":2,"s:58:26:58:Infinity":6,"s:59:40:59:Infinity":7,"s:60:40:60:Infinity":8,"s:61:48:61:Infinity":9,"s:62:36:62:Infinity":10,"s:63:32:63:Infinity":11,"s:64:36:64:Infinity":12,"s:65:34:65:Infinity":13,"s:66:46:66:Infinity":14,"s:67:44:67:Infinity":15,"s:68:46:68:Infinity":16,"s:69:42:69:Infinity":17,"s:70:44:70:Infinity":18,"s:71:42:71:Infinity":19,"s:72:46:72:Infinity":20,"s:73:46:73:Infinity":21,"s:74:42:74:Infinity":22,"s:75:46:75:Infinity":23,"s:77:8:77:Infinity":24,"s:78:8:78:Infinity":25,"s:79:8:79:Infinity":26,"s:80:8:80:Infinity":27,"s:81:8:81:Infinity":28,"s:82:8:82:Infinity":29,"s:83:8:83:Infinity":30,"s:84:8:84:Infinity":31,"s:85:8:85:Infinity":32,"s:86:8:86:Infinity":33,"s:87:8:87:Infinity":34,"s:89:8:89:Infinity":35,"s:90:8:90:Infinity":36,"s:92:8:105:Infinity":37,"f:92:38:92:50":1,"s:93:4:104:Infinity":38,"s:94:21:94:Infinity":39,"s:95:6:95:Infinity":40,"s:96:6:96:Infinity":41,"s:97:6:97:Infinity":42,"s:98:6:98:Infinity":43,"s:100:6:100:Infinity":44,"s:101:6:101:Infinity":45,"s:102:6:102:Infinity":46,"s:103:6:103:Infinity":47,"s:107:8:263:Infinity":48,"f:107:37:107:49":2,"b:108:4:112:Infinity:undefined:undefined:undefined:undefined":3,"s:108:4:112:Infinity":49,"s:109:6:109:Infinity":50,"s:110:6:110:Infinity":51,"s:111:6:111:Infinity":52,"b:114:4:116:Infinity:undefined:undefined:undefined:undefined":4,"s:114:4:116:Infinity":53,"s:115:6:115:Infinity":54,"s:118:4:118:Infinity":55,"s:119:4:119:Infinity":56,"s:120:4:120:Infinity":57,"s:121:4:121:Infinity":58,"s:122:4:122:Infinity":59,"s:123:4:123:Infinity":60,"s:124:4:124:Infinity":61,"s:125:4:125:Infinity":62,"s:126:4:126:Infinity":63,"s:127:4:127:Infinity":64,"s:130:22:130:Infinity":65,"s:131:4:131:Infinity":66,"s:132:29:136:Infinity":67,"f:132:41:132:47":3,"s:133:22:133:Infinity":68,"s:134:23:134:Infinity":69,"s:135:6:135:Infinity":70,"b:139:4:141:Infinity:undefined:undefined:undefined:undefined":5,"s:139:4:141:Infinity":71,"s:140:6:140:Infinity":72,"b:140:37:140:61:140:61:140:152":6,"s:143:25:143:Infinity":73,"s:146:27:146:Infinity":74,"s:147:4:147:Infinity":75,"s:148:4:148:Infinity":76,"b:151:4:153:Infinity:undefined:undefined:undefined:undefined":7,"s:151:4:153:Infinity":77,"s:152:6:152:Infinity":78,"s:156:4:156:Infinity":79,"s:159:4:159:Infinity":80,"s:160:4:160:Infinity":81,"s:163:23:163:Infinity":82,"s:164:28:164:Infinity":83,"s:166:44:166:Infinity":84,"s:169:31:169:Infinity":85,"s:172:4:172:Infinity":86,"s:173:4:173:Infinity":87,"s:174:4:174:Infinity":88,"s:175:4:175:Infinity":89,"s:178:4:246:Infinity":90,"f:178:37:178:38":4,"s:179:26:179:Infinity":91,"s:180:24:180:Infinity":92,"s:185:27:185:Infinity":93,"s:186:32:186:Infinity":94,"b:190:6:214:Infinity:undefined:undefined:undefined:undefined":8,"s:190:6:214:Infinity":95,"s:193:31:193:Infinity":96,"s:194:8:194:Infinity":97,"s:195:8:195:Infinity":98,"s:198:8:202:Infinity":99,"s:199:16:199:Infinity":100,"s:200:10:200:Infinity":101,"s:201:10:201:Infinity":102,"s:203:8:207:Infinity":103,"s:204:16:204:Infinity":104,"s:205:10:205:Infinity":105,"s:206:10:206:Infinity":106,"s:208:8:208:Infinity":107,"s:209:8:209:Infinity":108,"s:211:8:211:Infinity":109,"s:212:8:212:Infinity":110,"s:213:8:213:Infinity":111,"s:219:27:219:Infinity":112,"s:220:6:223:Infinity":113,"s:225:25:225:Infinity":114,"b:226:6:228:Infinity:undefined:undefined:undefined:undefined":9,"s:226:6:228:Infinity":115,"s:227:8:227:Infinity":116,"s:231:6:231:Infinity":117,"s:232:6:232:Infinity":118,"s:235:30:235:Infinity":119,"s:236:12:236:Infinity":120,"b:237:6:239:Infinity:undefined:undefined:undefined:undefined":10,"s:237:6:239:Infinity":121,"s:238:8:238:Infinity":122,"s:249:4:249:Infinity":123,"s:250:4:250:Infinity":124,"s:251:4:251:Infinity":125,"s:254:4:254:Infinity":126,"s:255:4:255:Infinity":127,"s:258:4:262:Infinity":128,"f:258:15:258:21":5,"s:259:6:259:Infinity":129,"s:260:6:260:Infinity":130,"s:261:6:261:Infinity":131,"s:265:8:309:Infinity":132,"f:265:36:265:Infinity":6,"s:269:4:269:Infinity":133,"b:272:4:274:Infinity:undefined:undefined:undefined:undefined":11,"s:272:4:274:Infinity":134,"s:273:6:273:Infinity":135,"b:275:4:277:Infinity:undefined:undefined:undefined:undefined":12,"s:275:4:277:Infinity":136,"s:276:6:276:Infinity":137,"b:278:4:280:Infinity:undefined:undefined:undefined:undefined":13,"s:278:4:280:Infinity":138,"s:279:6:279:Infinity":139,"b:283:4:287:Infinity:undefined:undefined:undefined:undefined":14,"s:283:4:287:Infinity":140,"s:284:6:284:Infinity":141,"s:285:6:285:Infinity":142,"s:286:6:286:Infinity":143,"s:290:24:293:Infinity":144,"f:291:6:291:7":7,"s:291:22:291:Infinity":145,"s:294:25:294:Infinity":146,"s:295:17:295:Infinity":147,"s:297:4:300:Infinity":148,"s:298:6:298:Infinity":149,"s:299:6:299:Infinity":150,"s:302:4:302:Infinity":151,"s:303:4:303:Infinity":152,"s:306:4:306:Infinity":153,"s:308:4:308:Infinity":154,"s:312:8:359:Infinity":155,"f:312:48:312:Infinity":8,"b:321:4:325:Infinity:undefined:undefined:undefined:undefined":15,"s:321:4:325:Infinity":156,"s:322:6:322:Infinity":157,"s:323:6:323:Infinity":158,"s:324:6:324:Infinity":159,"s:328:34:328:Infinity":160,"s:329:32:329:Infinity":161,"s:330:4:330:Infinity":162,"s:332:23:332:Infinity":163,"b:332:23:332:62:332:62:332:Infinity":16,"s:333:4:333:Infinity":164,"s:336:10:336:Infinity":165,"s:338:10:346:Infinity":166,"b:348:4:358:Infinity:355:11:358:Infinity":17,"s:348:4:358:Infinity":167,"s:349:6:349:Infinity":168,"s:350:6:350:Infinity":169,"s:351:6:351:Infinity":170,"s:352:6:352:Infinity":171,"s:353:23:353:Infinity":172,"b:353:35:353:48:353:48:353:Infinity":18,"s:354:6:354:Infinity":173,"s:356:6:356:Infinity":174,"s:357:6:357:Infinity":175,"s:362:8:407:Infinity":176,"f:362:47:362:Infinity":9,"b:371:4:374:Infinity:undefined:undefined:undefined:undefined":19,"s:371:4:374:Infinity":177,"s:372:6:372:Infinity":178,"s:373:6:373:Infinity":179,"s:377:32:379:Infinity":180,"b:378:8:378:Infinity:379:8:379:Infinity":20,"s:380:4:380:Infinity":181,"s:382:23:382:Infinity":182,"b:382:23:382:62:382:62:382:Infinity":21,"s:383:4:383:Infinity":183,"s:386:26:386:Infinity":184,"f:386:74:386:75":10,"s:386:84:386:89":185,"s:387:10:387:Infinity":186,"s:389:10:397:Infinity":187,"b:399:4:406:Infinity:404:11:406:Infinity":22,"s:399:4:406:Infinity":188,"s:400:6:400:Infinity":189,"s:401:6:401:Infinity":190,"s:402:23:402:Infinity":191,"b:402:35:402:48:402:48:402:Infinity":23,"s:403:6:403:Infinity":192,"s:405:6:405:Infinity":193,"s:410:8:431:Infinity":194,"f:410:53:410:Infinity":11,"b:415:4:418:Infinity:undefined:undefined:undefined:undefined":24,"s:415:4:418:Infinity":195,"b:415:8:415:27:415:27:415:49":25,"s:416:6:416:Infinity":196,"s:417:6:417:Infinity":197,"s:420:23:420:Infinity":198,"b:420:23:420:62:420:62:420:Infinity":26,"s:422:4:422:Infinity":199,"s:423:4:423:Infinity":200,"s:424:4:424:Infinity":201,"s:426:10:426:Infinity":202,"s:428:4:428:Infinity":203,"s:430:4:430:Infinity":204,"s:434:8:444:Infinity":205,"f:434:50:434:51":12,"s:435:22:435:Infinity":206,"s:436:30:436:Infinity":207,"s:437:28:437:Infinity":208,"b:439:4:441:Infinity:undefined:undefined:undefined:undefined":27,"s:439:4:441:Infinity":209,"b:439:8:439:22:439:22:439:54":28,"s:440:6:440:Infinity":210,"s:443:4:443:Infinity":211,"s:447:8:457:Infinity":212,"f:447:49:447:50":13,"s:448:22:448:Infinity":213,"s:449:30:449:Infinity":214,"s:450:28:450:Infinity":215,"b:452:4:454:Infinity:undefined:undefined:undefined:undefined":29,"s:452:4:454:Infinity":216,"b:452:8:452:22:452:22:452:52":30,"s:453:6:453:Infinity":217,"s:456:4:456:Infinity":218,"s:460:8:471:Infinity":219,"f:460:50:460:51":14,"s:461:4:461:Infinity":220,"b:463:4:467:Infinity:undefined:undefined:undefined:undefined":31,"s:463:4:467:Infinity":221,"b:463:8:463:29:463:29:463:47":32,"s:464:6:464:Infinity":222,"s:465:6:465:Infinity":223,"s:466:6:466:Infinity":224,"s:469:21:469:Infinity":225,"s:470:4:470:Infinity":226,"s:474:2:481:Infinity":227,"f:474:12:474:18":15,"b:475:4:480:Infinity:478:11:480:Infinity":33,"s:475:4:480:Infinity":228,"b:475:8:475:28:475:28:475:45":34,"s:476:23:476:Infinity":229,"s:477:6:477:Infinity":230,"s:479:6:479:Infinity":231,"s:485:8:521:Infinity":232,"f:485:47:485:48":16,"s:486:16:486:Infinity":233,"s:487:23:487:Infinity":234,"b:487:23:487:62:487:62:487:Infinity":35,"b:490:4:492:Infinity:undefined:undefined:undefined:undefined":36,"s:490:4:492:Infinity":235,"s:491:6:491:Infinity":236,"s:495:20:495:Infinity":237,"s:496:20:496:Infinity":238,"s:498:4:506:Infinity":239,"s:498:17:498:20":240,"b:499:6:501:Infinity:undefined:undefined:undefined:undefined":37,"s:499:6:501:Infinity":241,"s:500:8:500:Infinity":242,"b:502:6:505:Infinity:undefined:undefined:undefined:undefined":38,"s:502:6:505:Infinity":243,"b:502:10:502:47:502:47:502:85:502:85:502:108":39,"s:503:8:503:Infinity":244,"s:504:8:504:Infinity":245,"b:509:4:515:Infinity:undefined:undefined:undefined:undefined":40,"s:509:4:515:Infinity":246,"b:509:8:509:35:509:35:509:86":41,"s:511:24:511:Infinity":247,"s:512:27:512:Infinity":248,"s:513:27:513:Infinity":249,"s:514:6:514:Infinity":250,"s:518:10:518:Infinity":251,"s:519:32:519:Infinity":252,"s:520:4:520:Infinity":253,"s:524:2:555:Infinity":254,"f:524:12:524:18":17,"s:525:26:549:Infinity":255,"f:525:26:525:27":18,"b:526:6:526:Infinity:undefined:undefined:undefined:undefined":42,"s:526:6:526:Infinity":256,"s:526:24:526:Infinity":257,"b:527:6:527:Infinity:undefined:undefined:undefined:undefined":43,"s:527:6:527:Infinity":258,"s:527:36:527:Infinity":259,"s:530:31:530:Infinity":260,"b:533:6:537:Infinity:undefined:undefined:undefined:undefined":44,"s:533:6:537:Infinity":261,"s:534:8:534:Infinity":262,"s:535:8:535:Infinity":263,"s:536:8:536:Infinity":264,"s:540:24:540:Infinity":265,"s:543:12:543:Infinity":266,"s:545:6:545:Infinity":267,"s:546:6:546:Infinity":268,"s:548:6:548:Infinity":269,"s:551:4:551:Infinity":270,"s:552:4:554:Infinity":271,"f:552:11:552:17":19,"s:553:6:553:Infinity":272,"s:558:2:589:Infinity":273,"f:558:12:558:18":20,"s:559:24:583:Infinity":274,"f:559:24:559:25":21,"b:560:6:560:Infinity:undefined:undefined:undefined:undefined":45,"s:560:6:560:Infinity":275,"s:560:24:560:Infinity":276,"b:561:6:561:Infinity:undefined:undefined:undefined:undefined":46,"s:561:6:561:Infinity":277,"s:561:36:561:Infinity":278,"s:564:31:564:Infinity":279,"b:567:6:571:Infinity:undefined:undefined:undefined:undefined":47,"s:567:6:571:Infinity":280,"s:568:8:568:Infinity":281,"s:569:8:569:Infinity":282,"s:570:8:570:Infinity":283,"s:574:24:574:Infinity":284,"s:577:12:577:Infinity":285,"s:579:6:579:Infinity":286,"s:580:6:580:Infinity":287,"s:582:6:582:Infinity":288,"s:585:4:585:Infinity":289,"s:586:4:588:Infinity":290,"f:586:11:586:17":22,"s:587:6:587:Infinity":291,"s:591:2:620:Infinity":292}}}
,"/home/krr/workspace/Keytap-Analyzer/src/utils/arrayStats.ts": {"path":"/home/krr/workspace/Keytap-Analyzer/src/utils/arrayStats.ts","statementMap":{"0":{"start":{"line":11,"column":2},"end":{"line":11,"column":null}},"1":{"start":{"line":11,"column":24},"end":{"line":11,"column":null}},"2":{"start":{"line":12,"column":12},"end":{"line":12,"column":null}},"3":{"start":{"line":13,"column":2},"end":{"line":15,"column":null}},"4":{"start":{"line":13,"column":15},"end":{"line":13,"column":18}},"5":{"start":{"line":14,"column":4},"end":{"line":14,"column":null}},"6":{"start":{"line":14,"column":22},"end":{"line":14,"column":null}},"7":{"start":{"line":16,"column":2},"end":{"line":16,"column":null}},"8":{"start":{"line":23,"column":2},"end":{"line":23,"column":null}},"9":{"start":{"line":23,"column":24},"end":{"line":23,"column":null}},"10":{"start":{"line":24,"column":12},"end":{"line":24,"column":null}},"11":{"start":{"line":25,"column":2},"end":{"line":27,"column":null}},"12":{"start":{"line":25,"column":15},"end":{"line":25,"column":18}},"13":{"start":{"line":26,"column":4},"end":{"line":26,"column":null}},"14":{"start":{"line":26,"column":22},"end":{"line":26,"column":null}},"15":{"start":{"line":28,"column":2},"end":{"line":28,"column":null}},"16":{"start":{"line":35,"column":2},"end":{"line":35,"column":null}},"17":{"start":{"line":35,"column":24},"end":{"line":35,"column":null}},"18":{"start":{"line":36,"column":15},"end":{"line":36,"column":null}},"19":{"start":{"line":37,"column":2},"end":{"line":40,"column":null}},"20":{"start":{"line":37,"column":15},"end":{"line":37,"column":18}},"21":{"start":{"line":38,"column":19},"end":{"line":38,"column":null}},"22":{"start":{"line":39,"column":4},"end":{"line":39,"column":null}},"23":{"start":{"line":39,"column":25},"end":{"line":39,"column":null}},"24":{"start":{"line":41,"column":2},"end":{"line":41,"column":null}},"25":{"start":{"line":48,"column":12},"end":{"line":48,"column":null}},"26":{"start":{"line":49,"column":2},"end":{"line":51,"column":null}},"27":{"start":{"line":49,"column":15},"end":{"line":49,"column":18}},"28":{"start":{"line":50,"column":4},"end":{"line":50,"column":null}},"29":{"start":{"line":52,"column":2},"end":{"line":52,"column":null}},"30":{"start":{"line":59,"column":2},"end":{"line":59,"column":null}},"31":{"start":{"line":59,"column":24},"end":{"line":59,"column":null}},"32":{"start":{"line":60,"column":2},"end":{"line":60,"column":null}},"33":{"start":{"line":67,"column":2},"end":{"line":67,"column":null}},"34":{"start":{"line":67,"column":24},"end":{"line":67,"column":null}},"35":{"start":{"line":68,"column":14},"end":{"line":68,"column":null}},"36":{"start":{"line":69,"column":2},"end":{"line":71,"column":null}},"37":{"start":{"line":69,"column":15},"end":{"line":69,"column":18}},"38":{"start":{"line":70,"column":4},"end":{"line":70,"column":null}},"39":{"start":{"line":72,"column":2},"end":{"line":72,"column":null}},"40":{"start":{"line":79,"column":2},"end":{"line":79,"column":null}},"41":{"start":{"line":79,"column":24},"end":{"line":79,"column":null}},"42":{"start":{"line":80,"column":18},"end":{"line":80,"column":null}},"43":{"start":{"line":81,"column":15},"end":{"line":81,"column":null}},"44":{"start":{"line":82,"column":2},"end":{"line":88,"column":null}},"45":{"start":{"line":82,"column":15},"end":{"line":82,"column":18}},"46":{"start":{"line":83,"column":19},"end":{"line":83,"column":null}},"47":{"start":{"line":84,"column":4},"end":{"line":87,"column":null}},"48":{"start":{"line":85,"column":6},"end":{"line":85,"column":null}},"49":{"start":{"line":86,"column":6},"end":{"line":86,"column":null}},"50":{"start":{"line":89,"column":2},"end":{"line":89,"column":null}},"51":{"start":{"line":106,"column":2},"end":{"line":106,"column":null}},"52":{"start":{"line":106,"column":32},"end":{"line":106,"column":null}},"53":{"start":{"line":108,"column":12},"end":{"line":108,"column":null}},"54":{"start":{"line":109,"column":12},"end":{"line":109,"column":null}},"55":{"start":{"line":110,"column":15},"end":{"line":110,"column":null}},"56":{"start":{"line":111,"column":12},"end":{"line":111,"column":null}},"57":{"start":{"line":112,"column":14},"end":{"line":112,"column":null}},"58":{"start":{"line":113,"column":18},"end":{"line":113,"column":null}},"59":{"start":{"line":115,"column":2},"end":{"line":127,"column":null}},"60":{"start":{"line":115,"column":15},"end":{"line":115,"column":18}},"61":{"start":{"line":116,"column":16},"end":{"line":116,"column":null}},"62":{"start":{"line":117,"column":19},"end":{"line":117,"column":null}},"63":{"start":{"line":119,"column":4},"end":{"line":119,"column":null}},"64":{"start":{"line":119,"column":19},"end":{"line":119,"column":null}},"65":{"start":{"line":120,"column":4},"end":{"line":120,"column":null}},"66":{"start":{"line":120,"column":19},"end":{"line":120,"column":null}},"67":{"start":{"line":121,"column":4},"end":{"line":124,"column":null}},"68":{"start":{"line":122,"column":6},"end":{"line":122,"column":null}},"69":{"start":{"line":123,"column":6},"end":{"line":123,"column":null}},"70":{"start":{"line":125,"column":4},"end":{"line":125,"column":null}},"71":{"start":{"line":126,"column":4},"end":{"line":126,"column":null}},"72":{"start":{"line":129,"column":2},"end":{"line":137,"column":null}}},"fnMap":{"0":{"name":"arrayMin","decl":{"start":{"line":10,"column":16},"end":{"line":10,"column":25}},"loc":{"start":{"line":10,"column":63},"end":{"line":17,"column":null}},"line":10},"1":{"name":"arrayMax","decl":{"start":{"line":22,"column":16},"end":{"line":22,"column":25}},"loc":{"start":{"line":22,"column":63},"end":{"line":29,"column":null}},"line":22},"2":{"name":"arrayAbsMax","decl":{"start":{"line":34,"column":16},"end":{"line":34,"column":28}},"loc":{"start":{"line":34,"column":66},"end":{"line":42,"column":null}},"line":34},"3":{"name":"arraySum","decl":{"start":{"line":47,"column":16},"end":{"line":47,"column":25}},"loc":{"start":{"line":47,"column":63},"end":{"line":53,"column":null}},"line":47},"4":{"name":"arrayMean","decl":{"start":{"line":58,"column":16},"end":{"line":58,"column":26}},"loc":{"start":{"line":58,"column":64},"end":{"line":61,"column":null}},"line":58},"5":{"name":"arrayRms","decl":{"start":{"line":66,"column":16},"end":{"line":66,"column":25}},"loc":{"start":{"line":66,"column":63},"end":{"line":73,"column":null}},"line":66},"6":{"name":"findPeakIndex","decl":{"start":{"line":78,"column":16},"end":{"line":78,"column":30}},"loc":{"start":{"line":78,"column":68},"end":{"line":90,"column":null}},"line":78},"7":{"name":"calculateWaveformStats","decl":{"start":{"line":105,"column":16},"end":{"line":105,"column":39}},"loc":{"start":{"line":105,"column":91},"end":{"line":138,"column":null}},"line":105}},"branchMap":{"0":{"loc":{"start":{"line":11,"column":2},"end":{"line":11,"column":null}},"type":"if","locations":[{"start":{"line":11,"column":2},"end":{"line":11,"column":null}},{"start":{},"end":{}}],"line":11},"1":{"loc":{"start":{"line":14,"column":4},"end":{"line":14,"column":null}},"type":"if","locations":[{"start":{"line":14,"column":4},"end":{"line":14,"column":null}},{"start":{},"end":{}}],"line":14},"2":{"loc":{"start":{"line":23,"column":2},"end":{"line":23,"column":null}},"type":"if","locations":[{"start":{"line":23,"column":2},"end":{"line":23,"column":null}},{"start":{},"end":{}}],"line":23},"3":{"loc":{"start":{"line":26,"column":4},"end":{"line":26,"column":null}},"type":"if","locations":[{"start":{"line":26,"column":4},"end":{"line":26,"column":null}},{"start":{},"end":{}}],"line":26},"4":{"loc":{"start":{"line":35,"column":2},"end":{"line":35,"column":null}},"type":"if","locations":[{"start":{"line":35,"column":2},"end":{"line":35,"column":null}},{"start":{},"end":{}}],"line":35},"5":{"loc":{"start":{"line":39,"column":4},"end":{"line":39,"column":null}},"type":"if","locations":[{"start":{"line":39,"column":4},"end":{"line":39,"column":null}},{"start":{},"end":{}}],"line":39},"6":{"loc":{"start":{"line":59,"column":2},"end":{"line":59,"column":null}},"type":"if","locations":[{"start":{"line":59,"column":2},"end":{"line":59,"column":null}},{"start":{},"end":{}}],"line":59},"7":{"loc":{"start":{"line":67,"column":2},"end":{"line":67,"column":null}},"type":"if","locations":[{"start":{"line":67,"column":2},"end":{"line":67,"column":null}},{"start":{},"end":{}}],"line":67},"8":{"loc":{"start":{"line":79,"column":2},"end":{"line":79,"column":null}},"type":"if","locations":[{"start":{"line":79,"column":2},"end":{"line":79,"column":null}},{"start":{},"end":{}}],"line":79},"9":{"loc":{"start":{"line":84,"column":4},"end":{"line":87,"column":null}},"type":"if","locations":[{"start":{"line":84,"column":4},"end":{"line":87,"column":null}},{"start":{},"end":{}}],"line":84},"10":{"loc":{"start":{"line":106,"column":2},"end":{"line":106,"column":null}},"type":"if","locations":[{"start":{"line":106,"column":2},"end":{"line":106,"column":null}},{"start":{},"end":{}}],"line":106},"11":{"loc":{"start":{"line":106,"column":6},"end":{"line":106,"column":32}},"type":"binary-expr","locations":[{"start":{"line":106,"column":6},"end":{"line":10
[...]
":127,"b:211:4:216:Infinity:undefined:undefined:undefined:undefined":25,"s:211:4:216:Infinity":128,"s:212:22:212:Infinity":129,"s:213:20:213:Infinity":130,"b:214:6:214:Infinity:undefined:undefined:undefined:undefined":26,"s:214:6:214:Infinity":131,"s:214:26:214:Infinity":132,"b:215:6:215:Infinity:undefined:undefined:undefined:undefined":27,"s:215:6:215:Infinity":133,"s:215:24:215:Infinity":134,"s:219:2:219:Infinity":135,"f:252:16:252:29":5,"s:253:32:253:Infinity":136,"s:255:2:278:Infinity":137,"s:256:17:258:Infinity":138,"b:257:8:257:Infinity:258:8:258:Infinity":28,"s:261:22:261:Infinity":139,"b:262:4:264:Infinity:undefined:undefined:undefined:undefined":29,"s:262:4:264:Infinity":140,"s:263:6:263:Infinity":141,"s:267:19:267:Infinity":142,"s:268:4:268:Infinity":143,"s:271:4:271:Infinity":144,"s:274:10:274:Infinity":145,"b:275:4:277:Infinity:undefined:undefined:undefined:undefined":30,"s:275:4:277:Infinity":146,"s:276:6:276:Infinity":147,"s:281:2:281:Infinity":148,"s:282:2:282:Infinity":149,"s:284:2:284:Infinity":150,"f:290:9:290:33":6,"s:292:18:292:Infinity":151,"s:293:22:293:Infinity":152,"b:295:2:297:Infinity:undefined:undefined:undefined:undefined":31,"s:295:2:297:Infinity":153,"b:295:6:295:35:295:35:295:68":32,"s:296:4:296:Infinity":154,"s:300:19:300:Infinity":155,"s:301:18:301:Infinity":156,"s:304:24:304:Infinity":157,"s:305:17:305:Infinity":158,"s:308:8:308:Infinity":159,"s:309:17:309:Infinity":160,"s:310:2:310:Infinity":161,"s:311:2:311:Infinity":162,"s:313:2:313:Infinity":163,"f:319:9:319:28":7,"s:322:18:322:Infinity":164,"s:323:15:323:Infinity":165,"s:326:2:330:Infinity":166,"s:327:23:327:Infinity":167,"b:328:4:328:Infinity:undefined:undefined:undefined:undefined":33,"s:328:4:328:Infinity":168,"s:328:31:328:Infinity":169,"s:329:4:329:Infinity":170,"s:332:2:332:Infinity":171,"f:338:9:338:27":8,"b:338:82:338:99":34,"s:339:17:339:Infinity":172,"s:340:18:340:Infinity":173,"s:343:20:343:Infinity":174,"s:344:2:344:Infinity":175,"s:347:2:347:Infinity":176,"s:350:2:350:Infinity":177,"s:353:2:353:Infinity":178,"s:356:2:356:Infinity":179,"s:359:2:359:Infinity":180,"s:362:2:364:Infinity":181,"s:362:15:362:20":182,"s:363:4:363:Infinity":183,"s:367:2:367:Infinity":184,"s:373:16:373:Infinity":185,"s:374:2:374:Infinity":186,"s:375:2:375:Infinity":187,"s:378:2:378:Infinity":188,"s:379:2:379:Infinity":189,"s:382:16:382:Infinity":190,"s:383:2:383:Infinity":191,"s:386:16:386:Infinity":192,"s:387:2:387:Infinity":193,"s:390:17:390:Infinity":194,"s:391:2:393:Infinity":195,"s:391:15:391:18":196,"s:392:4:392:Infinity":197,"s:396:22:396:Infinity":198,"s:397:2:399:Infinity":199,"s:397:15:397:18":200,"s:398:4:398:Infinity":201,"s:400:2:400:Infinity":202,"s:401:2:401:Infinity":203,"s:403:2:403:Infinity":204,"f:409:9:409:20":9,"s:410:14:410:Infinity":205,"s:411:2:413:Infinity":206,"s:411:15:411:18":207,"b:411:18:411:36:411:36:411:52":35,"s:412:4:412:Infinity":208,"s:414:2:414:Infinity":209}}}
,"/home/krr/workspace/Keytap-Analyzer/src/utils/waveformProcessing.ts": {"path":"/home/krr/workspace/Keytap-Analyzer/src/utils/waveformProcessing.ts","statementMap":{"0":{"start":{"line":17,"column":17},"end":{"line":17,"column":null}},"1":{"start":{"line":18,"column":16},"end":{"line":18,"column":null}},"2":{"start":{"line":19,"column":18},"end":{"line":19,"column":null}},"3":{"start":{"line":20,"column":20},"end":{"line":22,"column":null}},"4":{"start":{"line":24,"column":2},"end":{"line":30,"column":null}},"5":{"start":{"line":24,"column":15},"end":{"line":24,"column":22}},"6":{"start":{"line":25,"column":21},"end":{"line":25,"column":null}},"7":{"start":{"line":26,"column":4},"end":{"line":29,"column":null}},"8":{"start":{"line":27,"column":6},"end":{"line":27,"column":null}},"9":{"start":{"line":28,"column":6},"end":{"line":28,"column":null}},"10":{"start":{"line":31,"column":2},"end":{"line":31,"column":null}},"11":{"start":{"line":77,"column":34},"end":{"line":77,"column":null}},"12":{"start":{"line":79,"column":2},"end":{"line":95,"column":null}},"13":{"start":{"line":79,"column":15},"end":{"line":79,"column":18}},"14":{"start":{"line":80,"column":24},"end":{"line":80,"column":null}},"15":{"start":{"line":81,"column":25},"end":{"line":81,"column":null}},"16":{"start":{"line":84,"column":28},"end":{"line":84,"column":null}},"17":{"start":{"line":85,"column":4},"end":{"line":90,"column":null}},"18":{"start":{"line":86,"column":6},"end":{"line":89,"column":null}},"19":{"start":{"line":87,"column":8},"end":{"line":87,"column":null}},"20":{"start":{"line":88,"column":8},"end":{"line":88,"column":null}},"21":{"start":{"line":93,"column":20},"end":{"line":93,"column":null}},"22":{"start":{"line":94,"column":4},"end":{"line":94,"column":null}},"23":{"start":{"line":97,"column":2},"end":{"line":97,"column":null}},"24":{"start":{"line":114,"column":6},"end":{"line":114,"column":null}},"25":{"start":{"line":116,"column":2},"end":{"line":118,"column":null}},"26":{"start":{"line":117,"column":4},"end":{"line":117,"column":null}},"27":{"start":{"line":120,"column":30},"end":{"line":120,"column":null}},"28":{"start":{"line":123,"column":36},"end":{"line":123,"column":null}},"29":{"start":{"line":125,"column":2},"end":{"line":147,"column":null}},"30":{"start":{"line":125,"column":15},"end":{"line":125,"column":18}},"31":{"start":{"line":126,"column":22},"end":{"line":126,"column":null}},"32":{"start":{"line":127,"column":25},"end":{"line":127,"column":null}},"33":{"start":{"line":129,"column":24},"end":{"line":129,"column":null}},"34":{"start":{"line":130,"column":27},"end":{"line":130,"column":null}},"35":{"start":{"line":132,"column":24},"end":{"line":132,"column":null}},"36":{"start":{"line":133,"column":22},"end":{"line":133,"column":null}},"37":{"start":{"line":134,"column":28},"end":{"line":134,"column":null}},"38":{"start":{"line":136,"column":4},"end":{"line":146,"column":null}},"39":{"start":{"line":137,"column":25},"end":{"line":137,"column":null}},"40":{"start":{"line":139,"column":24},"end":{"line":139,"column":null}},"41":{"start":{"line":140,"column":6},"end":{"line":145,"column":null}},"42":{"start":{"line":149,"column":2},"end":{"line":151,"column":null}},"43":{"start":{"line":150,"column":4},"end":{"line":150,"column":null}},"44":{"start":{"line":154,"column":31},"end":{"line":154,"column":null}},"45":{"start":{"line":158,"column":23},"end":{"line":158,"column":null}},"46":{"start":{"line":159,"column":21},"end":{"line":159,"column":null}},"47":{"start":{"line":161,"column":2},"end":{"line":167,"column":null}},"48":{"start":{"line":162,"column":23},"end":{"line":162,"column":null}},"49":{"start":{"line":163,"column":22},"end":{"line":163,"column":null}},"50":{"start":{"line":165,"column":4},"end":{"line":165,"column":null}},"51":{"start":{"line":166,"column":4},"end":{"line":166,"column":null}},"52":{"start":{"line":170,"column":27},"end":{"line":170,"column":null}},"53":{"start":{"line":171,"column":26},"end":{"line":171,"column":null}},"54":{"start":{"line":173,"column":2},"end":{"line":173,"column":null}},"55":{"start":{"line":175,"column":2},"end":{"line":221,"column":null}},"56":{"start":{"line":177,"column":27},"end":{"line":177,"column":null}},"57":{"start":{"line":178,"column":25},"end":{"line":178,"column":null}},"58":{"start":{"line":181,"column":4},"end":{"line":190,"column":null}},"59":{"start":{"line":182,"column":20},"end":{"line":182,"column":null}},"60":{"start":{"line":183,"column":6},"end":{"line":189,"column":null}},"61":{"start":{"line":183,"column":19},"end":{"line":183,"column":22}},"62":{"start":{"line":184,"column":28},"end":{"line":184,"column":null}},"63":{"start":{"line":185,"column":8},"end":{"line":188,"column":null}},"64":{"start":{"line":186,"column":10},"end":{"line":186,"column":null}},"65":{"start":{"line":187,"column":10},"end":{"line":187,"column":null}},"66":{"start":{"line":193,"column":4},"end":{"line":197,"column":null}},"67":{"start":{"line":193,"column":17},"end":{"line":193,"column":20}},"68":{"start":{"line":194,"column":6},"end":{"line":196,"column":null}},"69":{"start":{"line":195,"column":8},"end":{"line":195,"column":null}},"70":{"start":{"line":199,"column":4},"end":{"line":199,"column":null}},"71":{"start":{"line":202,"column":27},"end":{"line":202,"column":null}},"72":{"start":{"line":203,"column":25},"end":{"line":203,"column":null}},"73":{"start":{"line":205,"column":4},"end":{"line":212,"column":null}},"74":{"start":{"line":206,"column":6},"end":{"line":211,"column":null}},"75":{"start":{"line":206,"column":19},"end":{"line":206,"column":22}},"76":{"start":{"line":207,"column":8},"end":{"line":210,"column":null}},"77":{"start":{"line":208,"column":10},"end":{"line":208,"column":null}},"78":{"start":{"line":209,"column":10},"end":{"line":209,"column":null}},"79":{"start":{"line":214,"column":4},"end":{"line":218,"column":null}},"80":{"start":{"line":214,"column":17},"end":{"line":214,"column":20}},"81":{"start":{"line":215,"column":6},"end":{"line":217,"column":null}},"82":{"start":{"line":216,"column":8},"end":{"line":216,"column":null}},"83":{"start":{"line":220,"column":4},"end":{"line":220,"column":null}},"84":{"start":{"line":238,"column":26},"end":{"line":238,"column":null}},"85":{"start":{"line":239,"column":27},"end":{"line":239,"column":null}},"86":{"start":{"line":241,"column":26},"end":{"line":241,"column":null}},"87":{"start":{"line":243,"column":29},"end":{"line":243,"column":null}},"88":{"start":{"line":244,"column":25},"end":{"line":247,"column":null}},"89":{"start":{"line":249,"column":19},"end":{"line":249,"column":null}},"90":{"start":{"line":252,"column":2},"end":{"line":254,"column":null}},"91":{"start":{"line":252,"column":15},"end":{"line":252,"column":18}},"92":{"start":{"line":253,"column":4},"end":{"line":253,"column":null}},"93":{"start":{"line":257,"column":2},"end":{"line":262,"column":null}},"94":{"start":{"line":257,"column":15},"end":{"line":257,"column":18}},"95":{"start":{"line":258,"column":24},"end":{"line":258,"column":null}},"96":{"start":{"line":259,"column":4},"end":{"line":261,"column":null}},"97":{"start":{"line":260,"column":6},"end":{"line":260,"column":null}},"98":{"start":{"line":264,"column":2},"end":{"line":264,"column":null}}},"fnMap":{"0":{"name":"findPeakIndex","decl":{"start":{"line":12,"column":16},"end":{"line":12,"column":null}},"loc":{"start":{"line":16,"column":10},"end":{"line":32,"column":null}},"line":16},"1":{"name":"calculateWindowEndTimestamps","decl":{"start":{"line":73,"column":16},"end":{"line":73,"column":null}},"loc":{"start":{"line":76,"column":12},"end":{"line":98,"column":null}},"line":76},"2":{"name":"calculateSyncAveragedWaveform","decl":{"start":{"line":105,"column":16},"end":{"line":105,"column":46}},"loc":{"start":{"line":105,"column":92},"end":{"line":222,"column":null}},"line":105},"3":{"name":"calculateCombinedWaveform","decl":{"start":{"line":232,"column":16},"end":{"line":232,"column":null}},"loc":{"start":{"line":237,"column":16},"end":{"line":265,"column":null}},"line":237}},"branchMap":{"0":{"loc":{"start":{"line":18,"column":16},"end":{"line":18,"column":null}},"type":"binary-expr","locations":[{"start":{"line":18,"column":16},"end":{"line":18,"column":38}},{"start":{"line":18,"column":38},"end":{"line":18,"column":null}}],"line":18},"1":{"loc":{"start":{"line":20,"column":20},"end":{"line":22,"column":null}},"type":"cond-expr","locations":[{"start":{"line":21,"column":6},"end":{"line":21,"column":null}},{"start":{"line":22,"column":6},"end":{"line":22,"column":null}}],"line":20},"2":{"loc":{"start":{"line":26,"column":4},"end":{"line":29,"column":null}},"type":"if","locations":[{"start":{"line":26,"column":4},"end":{"line":29,"column":null}},{"start":{},"end":{}}],"line":26},"3":{"loc":{"start":{"line":81,"column":25},"end":{"line":81,"column":null}},"type":"binary-expr","locations":[{"start":{"line":81,"column":25},"end":{"line":81,"column":46}},{"start":{"line":81,"column":46},"end":{"line":81,"column":null}}],"line":81},"4":{"loc":{"start":{"line":86,"column":6},"end":{"line":89,"column":null}},"type":"if","locations":[{"start":{"line":86,"column":6},"end":{"line":89,"column":null}},{"start":{},"end":{}}],"line":86},"5":{"loc":{"start":{"line":94,"column":23},"end":{"line":94,"column":73}},"type":"cond-expr","locations":[{"start":{"line":94,"column":46},"end":{"line":94,"column":66}},{"start":{"line":94,"column":66},"end":{"line":94,"column":73}}],"line":94},"6":{"loc":{"start":{"line":116,"column":2},"end":{"line":118,"column":null}},"type":"if","locations":[{"start":{"line":116,"column":2},"end":{"line":118,"column":null}},{"start":{},"end":{}}],"line":116},"7":{"loc":{"start":{"line":127,"column":25},"end":{"line":127,"column":null}},"type":"binary-expr","locations":[{"start":{"line":127,"column":25},"end":{"line":127,"column":45}},{"start":{"line":127,"column":45},"end":{"line":127,"column":null}}],"line":127},"8":{"loc":{"start":{"line":136,"column":4},"end":{"line":146,"column":null}},"type":"if","locations":[{"start":{"line":136,"column":4},"end":{"line":146,"column":null}},{"start":{},"end":{}}],"line":136},"9":{"loc":{"start":{"line":136,"column":8},"end":{"line":136,"column":53}},"type":"binary-expr","locations":[{"start":{"line":136,"column":8},"end":{"line":136,"column":28}},{"start":{"line":136,"column":28},"end":{"line":136,"column":53}}],"line":136},"10":{"loc":{"start":{"line":149,"column":2},"end":{"line":151,"column":null}},"type":"if","locations":[{"start":{"line":149,"column":2},"end":{"line":151,"column":null}},{"start":{},"end":{}}],"line":149},"11":{"loc":{"start":{"line":175,"column":2},"end":{"line":221,"column":null}},"type":"if","locations":[{"start":{"line":175,"column":2},"end":{"line":221,"column":null}},{"start":{"line":200,"column":9},"end":{"line":221,"column":null}}],"line":175},"12":{"loc":{"start":{"line":185,"column":8},"end":{"line":188,"column":null}},"type":"if","locations":[{"start":{"line":185,"column":8},"end":{"line":188,"column":null}},{"start":{},"end":{}}],"line":185},"13":{"loc":{"start":{"line":185,"column":12},"end":{"line":185,"column":66}},"type":"binary-expr","locations":[{"start":{"line":185,"column":12},"end":{"line":185,"column":32}},{"start":{"line":185,"column":32},"end":{"line":185,"column":66}}],"line":185},"14":{"loc":{"start":{"line":194,"column":6},"end":{"line":196,"column":null}},"type":"if","locations":[{"start":{"line":194,"column":6},"end":{"line":196,"column":null}},{"start":{},"end":{}}],"line":194},"15":{"loc":{"start":{"line":207,"column":8},"end":{"line":210,"column":null}},"type":"if","locations":[{"start":{"line":207,"column":8},"end":{"line":210,"column":null}},{"start":{},"end":{}}],"line":207},"16":{"loc":{"start":{"line":215,"column":6},"end":{"line":217,"column":null}},"type":"if","locations":[{"start":{"line":215,"column":6},"end":{"line":217,"column":null}},{"start":{},"end":{}}],"line":215},"17":{"loc":{"start":{"line":259,"column":4},"end":{"line":261,"column":null}},"type":"if","locations":[{"start":{"line":259,"column":4},"end":{"line":261,"column":null}},{"start":{},"end":{}}],"line":259},"18":{"loc":{"start":{"line":259,"column":8},"end":{"line":259,"column":58}},"type":"binary-expr","locations":[{"start":{"line":259,"column":8},"end":{"line":259,"column":28}},{"start":{"line":259,"column":28},"end":{"line":259,"column":58}}],"line":259}},"s":{"0":23,"1":23,"2":23,"3":23,"4":23,"5":23,"6":726,"7":726,"8":101,"9":101,"10":23,"11":4,"12":4,"13":4,"14":11,"15":11,"16":11,"17":11,"18":12,"19":7,"20":7,"21":11,"22":11,"23":4,"24":6,"25":6,"26":0,"27":6,"28":6,"29":6,"30":6,"31":18,"32":18,"33":18,"34":18,"35":18,"36":18,"37":18,"38":18,"39":18,"40":18,"41":18,"42":6,"43":0,"44":6,"45":6,"46":6,"47":6,"48":18,"49":18,"50":18,"51":18,"52":6,"53":6,"54":6,"55":6,"56":1,"57":1,"58":1,"59":3,"60":3,"61":3,"62":60,"63":60,"64":60,"65":60,"66":1,"67":1,"68":20,"69":20,"70":1,"71":5,"72":5,"73":5,"74":15,"75":15,"76":493,"77":493,"78":493,"79":5,"80":5,"81":211,"82":211,"83":5,"84":0,"85":0,"86":0,"87":0,"88":0,"89":0,"90":0,"91":0,"92":0,"93":0,"94":0,"95":0,"96":0,"97":0,"98":0},"f":{"0":23,"1":4,"2":6,"3":0},"b":{"0":[23,22],"1":[1,22],"2":[101,625],"3":[11,4],"4":[7,5],"5":[2,9],"6":[0,6],"7":[18,0],"8":[18,0],"9":[18,18],"10":[0,6],"11":[1,5],"12":[60,0],"13":[60,60],"14":[20,0],"15":[493,0],"16":[211,0],"17":[0,0],"18":[0,0]},"meta":{"lastBranch":19,"lastFunction":4,"lastStatement":99,"seen":{"f:12:16:12:Infinity":0,"s:17:17:17:Infinity":0,"s:18:16:18:Infinity":1,"b:18:16:18:38:18:38:18:Infinity":0,"s:19:18:19:Infinity":2,"s:20:20:22:Infinity":3,"b:21:6:21:Infinity:22:6:22:Infinity":1,"s:24:2:30:Infinity":4,"s:24:15:24:22":5,"s:25:21:25:Infinity":6,"b:26:4:29:Infinity:undefined:undefined:undefined:undefined":2,"s:26:4:29:Infinity":7,"s:27:6:27:Infinity":8,"s:28:6:28:Infinity":9,"s:31:2:31:Infinity":10,"f:73:16:73:Infinity":1,"s:77:34:77:Infinity":11,"s:79:2:95:Infinity":12,"s:79:15:79:18":13,"s:80:24:80:Infinity":14,"s:81:25:81:Infinity":15,"b:81:25:81:46:81:46:81:Infinity":3,"s:84:28:84:Infinity":16,"s:85:4:90:Infinity":17,"b:86:6:89:Infinity:undefined:undefined:undefined:undefined":4,"s:86:6:89:Infinity":18,"s:87:8:87:Infinity":19,"s:88:8:88:Infinity":20,"s:93:20:93:Infinity":21,"s:94:4:94:Infinity":22,"b:94:46:94:66:94:66:94:73":5,"s:97:2:97:Infinity":23,"f:105:16:105:46":2,"s:114:6:114:Infinity":24,"b:116:2:118:Infinity:undefined:undefined:undefined:undefined":6,"s:116:2:118:Infinity":25,"s:117:4:117:Infinity":26,"s:120:30:120:Infinity":27,"s:123:36:123:Infinity":28,"s:125:2:147:Infinity":29,"s:125:15:125:18":30,"s:126:22:126:Infinity":31,"s:127:25:127:Infinity":32,"b:127:25:127:45:127:45:127:Infinity":7,"s:129:24:129:Infinity":33,"s:130:27:130:Infinity":34,"s:132:24:132:Infinity":35,"s:133:22:133:Infinity":36,"s:134:28:134:Infinity":37,"b:136:4:146:Infinity:undefined:undefined:undefined:undefined":8,"s:136:4:146:Infinity":38,"b:136:8:136:28:136:28:136:53":9,"s:137:25:137:Infinity":39,"s:139:24:139:Infinity":40,"s:140:6:145:Infinity":41,"b:149:2:151:Infinity:undefined:undefined:undefined:undefined":10,"s:149:2:151:Infinity":42,"s:150:4:150:Infinity":43,"s:154:31:154:Infinity":44,"s:158:23:158:Infinity":45,"s:159:21:159:Infinity":46,"s:161:2:167:Infinity":47,"s:162:23:162:Infinity":48,"s:163:22:163:Infinity":49,"s:165:4:165:Infinity":50,"s:166:4:166:Infinity":51,"s:170:27:170:Infinity":52,"s:171:26:171:Infinity":53,"s:173:2:173:Infinity":54,"b:175:2:221:Infinity:200:9:221:Infinity":11,"s:175:2:221:Infinity":55,"s:177:27:177:Infinity":56,"s:178:25:178:Infinity":57,"s:181:4:190:Infinity":58,"s:182:20:182:Infinity":59,"s:183:6:189:Infinity":60,"s:183:19:183:22":61,"s:184:28:184:Infinity":62,"b:185:8:188:Infinity:undefined:undefined:undefined:undefined":12,"s:185:8:188:Infinity":63,"b:185:12:185:32:185:32:185:66":13,"s:186:10:186:Infinity":64,"s:187:10:187:Infinity":65,"s:193:4:197:Infinity":66,"s:193:17:193:20":67,"b:194:6:196:Infinity:undefined:undefined:undefined:undefined":14,"s:194:6:196:Infinity":68,"s:195:8:195:Infinity":69,"s:199:4:199:Infinity":70,"s:202:27:202:Infinity":71,"s:203:25:203:Infinity":72,"s:205:4:212:Infinity":73,"s:206:6:211:Infinity":74,"s:206:19:206:22":75,"b:207:8:210:Infinity:undefined:undefined:undefined:undefined":15,"s:207:8:210:Infinity":76,"s:208:10:208:Infinity":77,"s:209:10:209:Infinity":78,"s:214:4:218:Infinity":79,"s:214:17:214:20":80,"b:215:6:217:Infinity:undefined:undefined:undefined:undefined":16,"s:215:6:217:Infinity":81,"s:216:8:216:Infinity":82,"s:220:4:220:Infinity":83,"f:232:16:232:Infinity":3,"s:238:26:238:Infinity":84,"s:239:27:239:Infinity":85,"s:241:26:241:Infinity":86,"s:243:29:243:Infinity":87,"s:244:25:247:Infinity":88,"s:249:19:249:Infinity":89,"s:252:2:254:Infinity":90,"s:252:15:252:18":91,"s:253:4:253:Infinity":92,"s:257:2:262:Infinity":93,"s:257:15:257:18":94,"s:258:24:258:Infinity":95,"b:259:4:261:Infinity:undefined:undefined:undefined:undefined":17,"s:259:4:261:Infinity":96,"b:259:8:259:28:259:28:259:58":18,"s:260:6:260:Infinity":97,"s:264:2:264:Infinity":98}}}
}
